[AirdropContainerBase] Container created on 2020-01-29 @ 23-49-08
[InitializeContainer] Winds: Vector <-19.825836, 0.000000, 1.023484>, Speed 19.8522mps, Strength 0.1
[AirdropContainerFall] Drop Type 'Misc. Tools', Container: 'RANDOM', Mode/Quantity/Iems: Random/20/50, Flare:  10%
[AirdropContainerFall] Loot Spawned [1] Headtorch_Grey @ <12376.769531, 26.227268, 9245.320313> ... Lifespan: Set to 40 minutes.
[AirdropContainerFall] Loot Spawned [2] Hammer @ <12376.984375, 26.216372, 9245.664063> ... Lifespan: Set to 40 minutes.
[AirdropContainerFall] Loot Spawned [3] HuntingKnife @ <12376.249023, 26.248957, 9245.958984> ... Lifespan: Set to 40 minutes.
[AirdropContainerFall] Loot Spawned [4] Heatpack @ <12375.382813, 26.283054, 9245.549805> ... Lifespan: Set to 40 minutes.
[AirdropContainerFall] Loot Spawned [5] LeatherSewingKit @ <12373.414063, 26.358784, 9247.605469> ... Lifespan: Set to 40 minutes.
[AirdropContainerFall] Loot Spawned [6] Hammer @ <12374.198242, 26.314497, 9248.630859> ... Lifespan: Set to 40 minutes.
[AirdropContainerFall] Loot Spawned [7] ElectronicRepairKit @ <12375.851563, 26.219604, 9249.310547> ... Lifespan: Set to 40 minutes.
[AirdropContainerFall] Loot Spawned [8] Hacksaw @ <12374.182617, 26.292273, 9249.950195> ... Lifespan: Set to 40 minutes.
[AirdropContainerFall] Loot Spawned [9] OrienteeringCompass @ <12375.462891, 26.240576, 9249.417969> ... Lifespan: Set to 40 minutes.
[AirdropContainerFall] Loot Spawned [10] Chemlight_Yellow @ <12374.716797, 26.286446, 9249.013672> ... Lifespan: Set to 40 minutes.
[AirdropContainerFall] Loot Spawned [11] Wrench @ <12376.751953, 26.156635, 9249.897461> ... Lifespan: Set to 40 minutes.
[AirdropContainerFall] Loot Spawned [12] Binoculars @ <12379.293945, 26.066721, 9246.479492> ... Lifespan: Set to 40 minutes.
[AirdropContainerFall] Loot Spawned [13] Battery9V @ <12379.017578, 26.028240, 9249.635742> ... Lifespan: Set to 40 minutes.
[AirdropContainerFall] Loot Spawned [14] OrienteeringCompass @ <12377.819336, 26.154503, 9246.407227> ... Lifespan: Set to 40 minutes.
[AirdropContainerFall] Loot Spawned [15] SledgeHammer @ <12378.431641, 26.115269, 9246.597656> ... Lifespan: Set to 40 minutes.
[AirdropContainerFall] Loot Spawned [16] SteakKnife @ <12379.498047, 26.033827, 9247.686523> ... Lifespan: Set to 40 minutes.
[AirdropContainerFall] Loot Spawned [17] Pliers @ <12373.783203, 26.318291, 9249.401367> ... Lifespan: Set to 40 minutes.
[AirdropContainerFall] Loot Spawned [18] PortableGasLamp @ <12374.531250, 26.316040, 9245.679688> ... Lifespan: Set to 40 minutes.
[AirdropContainerFall] Loot Spawned [19] PersonalRadio @ <12374.174805, 26.287075, 9250.269531> ... Lifespan: Set to 40 minutes.
[AirdropContainerFall] Loot Spawned [20] CombatKnife @ <12378.150391, 26.090879, 9248.956055> ... Lifespan: Set to 40 minutes.
[AirdropContainerUnstuck] Container was unstuck.
[~AirdropContainerBase] Container Destroyed on 2020-01-29 @ 23-53-03
