[AirdropContainerBase] Container created on 2020-01-29 @ 23-23-50
[InitializeContainer] Winds: Vector <8.025696, 0.000000, -4.933797>, Speed 9.42094mps, Strength 0.1
[AirdropContainerFall] Drop Type 'Military East', Container: 'AirdropContainer_Military', Mode/Quantity/Iems: Random/20/28, Flare:  10%
[AirdropContainerFall] Loot Spawned [1] AK_Bayonet @ <7469.871582, 6.005355, 3565.766357> ... Lifespan: Set to 40 minutes.
[AirdropContainerFall] Loot Spawned [2] AK_PlasticBttstck @ <7473.542480, 6.010849, 3569.886475> ... Lifespan: Set to 40 minutes.
[AirdropContainerFall] Loot Spawned [3] Mag_AKM_30Rnd @ <7471.869629, 6.011069, 3570.025635> ... Lifespan: Set to 40 minutes.
[AirdropContainerFall] Loot Spawned [4] TacticalGloves_Black @ <7469.086914, 6.006316, 3566.486572> ... Lifespan: Set to 40 minutes.
[AirdropContainerFall] Loot Spawned [5] TacticalGoggles @ <7469.023926, 6.008570, 3568.177490> ... Lifespan: Set to 40 minutes.
[AirdropContainerFall] Loot Spawned [6] GorkaPants_Autumn @ <7472.901855, 6.006794, 3566.845215> ... Lifespan: Set to 40 minutes.
[AirdropContainerFall] Loot Spawned [7] Mag_AKM_30Rnd @ <7472.207031, 6.007304, 3567.227783> ... Lifespan: Set to 40 minutes.
[AirdropContainerFall] Loot Spawned [8] TTsKOJacket_Camo @ <7468.751465, 6.006889, 3566.916260> ... Lifespan: Set to 40 minutes.
[AirdropContainerFall] Loot Spawned [9] GorkaEJacket_Autumn @ <7470.796387, 6.005930, 3566.197266> ... Lifespan: Set to 40 minutes.
[AirdropContainerFall] Loot Spawned [10] Canteen @ <7473.980957, 6.009165, 3568.623535> ... Lifespan: Set to 40 minutes.
[AirdropContainerFall] Loot Spawned [11] AK_Suppressor @ <7469.569336, 6.009598, 3568.948242> ... Lifespan: Set to 40 minutes.
[AirdropContainerFall] Loot Spawned [12] TacticalGloves_Green @ <7467.601074, 6.007036, 3567.026367> ... Lifespan: Set to 40 minutes.
[AirdropContainerFall] Loot Spawned [13] TTSKOPants @ <7472.632324, 6.005296, 3565.721680> ... Lifespan: Set to 40 minutes.
[AirdropContainerFall] Loot Spawned [14] Binoculars @ <7468.802246, 6.009687, 3569.015381> ... Lifespan: Set to 40 minutes.
[AirdropContainerFall] Loot Spawned [15] GorkaEJacket_Flat @ <7470.945313, 6.010387, 3569.539795> ... Lifespan: Set to 40 minutes.
[AirdropContainerFall] Loot Spawned [16] AmmoBox_762x39_20Rnd @ <7470.687012, 6.011640, 3570.239746> ... Lifespan: Set to 40 minutes.
[AirdropContainerFall] Loot Spawned [17] CanOpener @ <7469.405762, 6.007150, 3567.112549> ... Lifespan: Set to 40 minutes.
[AirdropContainerFall] Loot Spawned [18] TTSKOPants @ <7470.479980, 6.011463, 3570.173340> ... Lifespan: Set to 40 minutes.
[AirdropContainerFall] Loot Spawned [19] TTsKOJacket_Camo @ <7468.734375, 6.007980, 3567.734619> ... Lifespan: Set to 40 minutes.
[AirdropContainerFall] Loot Spawned [20] GorkaEJacket_PautRev @ <7471.753418, 6.009976, 3569.231689> ... Lifespan: Set to 40 minutes.
[AirdropContainerUnstuck] Container was unstuck.
[~AirdropContainerBase] Container Destroyed on 2020-01-29 @ 23-26-00
