[AirdropContainerBase] Container created on 2020-01-29 @ 23-32-25
[InitializeContainer] Winds: Vector <-2.931621, 0.000000, -1.327688>, Speed 3.21825mps, Strength 0.1
[AirdropContainerFall] Drop Type 'Misc. Tools', Container: 'RANDOM', Mode/Quantity/Iems: Random/20/50, Flare:  10%
[AirdropContainerFall] Loot Spawned [1] Compass @ <4359.714355, 339.100739, 10149.051758> ... Lifespan: Set to 40 minutes.
[AirdropContainerFall] Loot Spawned [2] WeaponCleaningKit @ <4358.396973, 339.358856, 10144.389648> ... Lifespan: Set to 40 minutes.
[AirdropContainerFall] Loot Spawned [3] Roadflare @ <4357.838379, 338.981323, 10149.544922> ... Lifespan: Set to 40 minutes.
[AirdropContainerFall] Loot Spawned [4] ElectronicRepairKit @ <4359.879395, 339.498383, 10143.280273> ... Lifespan: Set to 40 minutes.
[AirdropContainerFall] Loot Spawned [5] PortableGasStove @ <4360.403809, 339.280609, 10145.888672> ... Lifespan: Set to 40 minutes.
[AirdropContainerFall] Loot Spawned [6] Hacksaw @ <4357.567871, 338.982880, 10148.833984> ... Lifespan: Set to 40 minutes.
[AirdropContainerFall] Loot Spawned [7] Chemlight_White @ <4359.925781, 339.121582, 10148.687500> ... Lifespan: Set to 40 minutes.
[AirdropContainerFall] Loot Spawned [8] Chemlight_Yellow @ <4358.406738, 339.330414, 10144.654297> ... Lifespan: Set to 40 minutes.
[AirdropContainerFall] Loot Spawned [9] Chemlight_Yellow @ <4356.817383, 338.989716, 10147.645508> ... Lifespan: Set to 40 minutes.
[AirdropContainerFall] Loot Spawned [10] OrienteeringCompass @ <4359.405273, 339.307465, 10144.990234> ... Lifespan: Set to 40 minutes.
[AirdropContainerFall] Loot Spawned [11] KitchenKnife @ <4359.689941, 339.136383, 10147.506836> ... Lifespan: Set to 40 minutes.
[AirdropContainerFall] Loot Spawned [12] Spotlight @ <4359.286133, 339.107178, 10147.760742> ... Lifespan: Set to 40 minutes.
[AirdropContainerFall] Loot Spawned [13] Megaphone @ <4359.785156, 339.126801, 10148.133789> ... Lifespan: Set to 40 minutes.
[AirdropContainerFall] Loot Spawned [14] Lockpick @ <4357.426758, 338.987427, 10148.499023> ... Lifespan: Set to 40 minutes.
[AirdropContainerFall] Loot Spawned [15] Pliers @ <4356.144043, 339.337860, 10144.038086> ... Lifespan: Set to 40 minutes.
[AirdropContainerFall] Loot Spawned [16] Machete @ <4360.025879, 339.250488, 10146.020508> ... Lifespan: Set to 40 minutes.
[AirdropContainerFall] Loot Spawned [17] Hammer @ <4355.581055, 339.162415, 10145.481445> ... Lifespan: Set to 40 minutes.
[AirdropContainerFall] Loot Spawned [18] FirefighterAxe @ <4360.958008, 339.376678, 10144.884766> ... Lifespan: Set to 40 minutes.
[AirdropContainerFall] Loot Spawned [19] Machete @ <4361.157715, 339.387512, 10144.893555> ... Lifespan: Set to 40 minutes.
[AirdropContainerFall] Loot Spawned [20] SteakKnife @ <4357.263184, 339.350372, 10144.281250> ... Lifespan: Set to 40 minutes.
[AirdropContainerUnstuck] Container was unstuck.
[~AirdropContainerBase] Container Destroyed on 2020-01-29 @ 23-34-40
