---------------------------------------------
ZomBerry v0.5.9-prep log started at 22.01.2020 15:28:07

22.01.2020 15:28:07 [ZomBerryCmdAPI]: INFO: Added category OnTarget
22.01.2020 15:28:07 [ZomBerryCmdAPI]: INFO: Added function TPCur to category OnTarget
22.01.2020 15:28:07 [ZomBerryCmdAPI]: INFO: Added function TPToTarget to category OnTarget
22.01.2020 15:28:07 [ZomBerryCmdAPI]: INFO: Added function TPToAdmin to category OnTarget
22.01.2020 15:28:07 [ZomBerryCmdAPI]: INFO: Added function HealTarget to category OnTarget
22.01.2020 15:28:07 [ZomBerryCmdAPI]: INFO: Added function GodTarget to category OnTarget
22.01.2020 15:28:07 [ZomBerryCmdAPI]: INFO: Added function RefuelAndRepair to category OnTarget
22.01.2020 15:28:07 [ZomBerryCmdAPI]: INFO: Added category ==
22.01.2020 15:28:07 [ZomBerryCmdAPI]: INFO: Added function KillTarget to category ==
22.01.2020 15:28:07 [ZomBerryCmdAPI]: INFO: Added function BiteTarget to category ==
22.01.2020 15:28:07 [ZomBerryCmdAPI]: INFO: Added function StripTarget to category ==
22.01.2020 15:28:07 [ZomBerryCmdAPI]: INFO: Added function RejectBellyTarget to category ==
22.01.2020 15:28:07 [ZomBerryCmdAPI]: INFO: Added function PsycoTarget to category ==
22.01.2020 15:28:07 [ZomBerryCmdAPI]: INFO: Added function SneezeTarget to category ==
22.01.2020 15:28:07 [ZomBerryCmdAPI]: INFO: Added function SetHealthTarget to category ==
22.01.2020 15:28:07 [ZomBerryCmdAPI]: INFO: Added function SetBloodTarget to category ==
22.01.2020 15:28:07 [ZomBerryCmdAPI]: INFO: Added category OnServer
22.01.2020 15:28:07 [ZomBerryCmdAPI]: INFO: Added function FreeCamAdm to category OnServer
22.01.2020 15:28:07 [ZomBerryCmdAPI]: INFO: Added function TimeDay to category OnServer
22.01.2020 15:28:07 [ZomBerryCmdAPI]: INFO: Added function TimeNight to category OnServer
22.01.2020 15:28:07 [ZomBerryCmdAPI]: INFO: Added function SetTime to category OnServer
22.01.2020 15:28:07 [ZomBerryCmdAPI]: INFO: Added function SetDate to category OnServer
22.01.2020 15:28:07 [ZomBerryCmdAPI]: INFO: Added function SetWeather to category OnServer
22.01.2020 15:28:07 [ZomBerryCmdAPI]: INFO: Added function DeleteObj to category OnServer
22.01.2020 15:28:07 [ZomBerryConfig]: INFO: Using admins.cfg from Profile directory
22.01.2020 15:28:07 [ZomBerryDbg]: Server ready, loading admin list from: $profile:ZomBerry\admins.cfg
22.01.2020 15:28:07 [ZomBerryConfig]: admins.cfg loaded
22.01.2020 15:28:07 [ZomBerryConfig]: Added admin: fMO1JIvZqIwxddTWwPxb9Mg95_X4j6UAr1FYyyZSMZs=
22.01.2020 15:28:07 [ZomBerryConfig]: Added admin: 76561198117639423
