---------------------------------------------
ZomBerry v0.5.9-prep log started at 22.01.2020 16:35:20

22.01.2020 16:35:20 [ZomBerryCmdAPI]: INFO: Added category OnTarget
22.01.2020 16:35:20 [ZomBerryCmdAPI]: INFO: Added function TPCur to category OnTarget
22.01.2020 16:35:20 [ZomBerryCmdAPI]: INFO: Added function TPToTarget to category OnTarget
22.01.2020 16:35:20 [ZomBerryCmdAPI]: INFO: Added function TPToAdmin to category OnTarget
22.01.2020 16:35:20 [ZomBerryCmdAPI]: INFO: Added function HealTarget to category OnTarget
22.01.2020 16:35:20 [ZomBerryCmdAPI]: INFO: Added function GodTarget to category OnTarget
22.01.2020 16:35:20 [ZomBerryCmdAPI]: INFO: Added function RefuelAndRepair to category OnTarget
22.01.2020 16:35:20 [ZomBerryCmdAPI]: INFO: Added category ==
22.01.2020 16:35:20 [ZomBerryCmdAPI]: INFO: Added function KillTarget to category ==
22.01.2020 16:35:20 [ZomBerryCmdAPI]: INFO: Added function BiteTarget to category ==
22.01.2020 16:35:20 [ZomBerryCmdAPI]: INFO: Added function StripTarget to category ==
22.01.2020 16:35:20 [ZomBerryCmdAPI]: INFO: Added function RejectBellyTarget to category ==
22.01.2020 16:35:20 [ZomBerryCmdAPI]: INFO: Added function PsycoTarget to category ==
22.01.2020 16:35:20 [ZomBerryCmdAPI]: INFO: Added function SneezeTarget to category ==
22.01.2020 16:35:20 [ZomBerryCmdAPI]: INFO: Added function SetHealthTarget to category ==
22.01.2020 16:35:20 [ZomBerryCmdAPI]: INFO: Added function SetBloodTarget to category ==
22.01.2020 16:35:20 [ZomBerryCmdAPI]: INFO: Added category OnServer
22.01.2020 16:35:20 [ZomBerryCmdAPI]: INFO: Added function FreeCamAdm to category OnServer
22.01.2020 16:35:20 [ZomBerryCmdAPI]: INFO: Added function TimeDay to category OnServer
22.01.2020 16:35:20 [ZomBerryCmdAPI]: INFO: Added function TimeNight to category OnServer
22.01.2020 16:35:20 [ZomBerryCmdAPI]: INFO: Added function SetTime to category OnServer
22.01.2020 16:35:20 [ZomBerryCmdAPI]: INFO: Added function SetDate to category OnServer
22.01.2020 16:35:20 [ZomBerryCmdAPI]: INFO: Added function SetWeather to category OnServer
22.01.2020 16:35:20 [ZomBerryCmdAPI]: INFO: Added function DeleteObj to category OnServer
22.01.2020 16:35:20 [ZomBerryConfig]: INFO: Using admins.cfg from Profile directory
22.01.2020 16:35:20 [ZomBerryDbg]: Server ready, loading admin list from: $profile:ZomBerry\admins.cfg
22.01.2020 16:35:20 [ZomBerryConfig]: admins.cfg loaded
22.01.2020 16:35:20 [ZomBerryConfig]: Added admin: fMO1JIvZqIwxddTWwPxb9Mg95_X4j6UAr1FYyyZSMZs=
22.01.2020 16:35:20 [ZomBerryConfig]: Added admin: 76561198117639423
22.01.2020 16:36:32 [ZomBerryDbg]: Auth respond to admin Meeloo (fMO1JIvZqIwxddTWwPxb9Mg95_X4j6UAr1FYyyZSMZs=)
22.01.2020 16:36:46 [ZomBerryDbg]: Meeloo (fMO1JIvZqIwxddTWwPxb9Mg95_X4j6UAr1FYyyZSMZs=) - player list sync
22.01.2020 16:36:46 [ZomBerryDbg]: Meeloo (fMO1JIvZqIwxddTWwPxb9Mg95_X4j6UAr1FYyyZSMZs=) - function list sync
22.01.2020 16:36:50 [ZomBerryAdmin]: Meeloo (fMO1JIvZqIwxddTWwPxb9Mg95_X4j6UAr1FYyyZSMZs=) executed HealTarget
22.01.2020 16:37:43 [ZomBerryDbg]: Meeloo (fMO1JIvZqIwxddTWwPxb9Mg95_X4j6UAr1FYyyZSMZs=) - player list sync
22.01.2020 16:37:43 [ZomBerryDbg]: Meeloo (fMO1JIvZqIwxddTWwPxb9Mg95_X4j6UAr1FYyyZSMZs=) - function list sync
22.01.2020 16:38:52 [ZomBerryAdmin]: Meeloo (fMO1JIvZqIwxddTWwPxb9Mg95_X4j6UAr1FYyyZSMZs=) spawned Van_01 at <8288.261719, 292.010010, 5997.240723>
22.01.2020 16:39:05 [ZomBerryDbg]: Meeloo (fMO1JIvZqIwxddTWwPxb9Mg95_X4j6UAr1FYyyZSMZs=) - player list sync
22.01.2020 16:39:05 [ZomBerryDbg]: Meeloo (fMO1JIvZqIwxddTWwPxb9Mg95_X4j6UAr1FYyyZSMZs=) - function list sync
22.01.2020 16:39:07 [ZomBerryAdmin]: Meeloo (fMO1JIvZqIwxddTWwPxb9Mg95_X4j6UAr1FYyyZSMZs=) executed RefuelAndRepair
22.01.2020 16:41:18 [ZomBerryDbg]: Meeloo (fMO1JIvZqIwxddTWwPxb9Mg95_X4j6UAr1FYyyZSMZs=) - player list sync
22.01.2020 16:41:18 [ZomBerryDbg]: Meeloo (fMO1JIvZqIwxddTWwPxb9Mg95_X4j6UAr1FYyyZSMZs=) - function list sync
22.01.2020 16:41:27 [ZomBerryAdmin]: Meeloo (fMO1JIvZqIwxddTWwPxb9Mg95_X4j6UAr1FYyyZSMZs=) spawned TransitBus at <8184.349609, 290.123932, 6029.114746>
22.01.2020 16:41:32 [ZomBerryDbg]: Meeloo (fMO1JIvZqIwxddTWwPxb9Mg95_X4j6UAr1FYyyZSMZs=) - player list sync
22.01.2020 16:41:32 [ZomBerryDbg]: Meeloo (fMO1JIvZqIwxddTWwPxb9Mg95_X4j6UAr1FYyyZSMZs=) - function list sync
22.01.2020 16:41:33 [ZomBerryAdmin]: Meeloo (fMO1JIvZqIwxddTWwPxb9Mg95_X4j6UAr1FYyyZSMZs=) executed RefuelAndRepair
22.01.2020 16:41:39 [ZomBerryAdmin]: Meeloo (fMO1JIvZqIwxddTWwPxb9Mg95_X4j6UAr1FYyyZSMZs=) executed DeleteObj
22.01.2020 16:41:39 [ZomBerryAdmin]: Meeloo (fMO1JIvZqIwxddTWwPxb9Mg95_X4j6UAr1FYyyZSMZs=) executed DeleteObj
22.01.2020 16:41:40 [ZomBerryAdmin]: Meeloo (fMO1JIvZqIwxddTWwPxb9Mg95_X4j6UAr1FYyyZSMZs=) executed DeleteObj
22.01.2020 16:41:40 [ZomBerryAdmin]: Meeloo (fMO1JIvZqIwxddTWwPxb9Mg95_X4j6UAr1FYyyZSMZs=) executed DeleteObj
22.01.2020 16:41:40 [ZomBerryAdmin]: Meeloo (fMO1JIvZqIwxddTWwPxb9Mg95_X4j6UAr1FYyyZSMZs=) executed DeleteObj
22.01.2020 16:41:48 [ZomBerryAdmin]: Meeloo (fMO1JIvZqIwxddTWwPxb9Mg95_X4j6UAr1FYyyZSMZs=) executed DeleteObj
22.01.2020 16:41:48 [ZomBerryAdmin]: Meeloo (fMO1JIvZqIwxddTWwPxb9Mg95_X4j6UAr1FYyyZSMZs=) executed DeleteObj
22.01.2020 16:42:28 [ZomBerryAdmin]: Meeloo (fMO1JIvZqIwxddTWwPxb9Mg95_X4j6UAr1FYyyZSMZs=) executed DeleteObj
22.01.2020 16:42:28 [ZomBerryAdmin]: Meeloo (fMO1JIvZqIwxddTWwPxb9Mg95_X4j6UAr1FYyyZSMZs=) executed DeleteObj
22.01.2020 16:42:29 [ZomBerryAdmin]: Meeloo (fMO1JIvZqIwxddTWwPxb9Mg95_X4j6UAr1FYyyZSMZs=) executed DeleteObj
22.01.2020 16:42:29 [ZomBerryAdmin]: Meeloo (fMO1JIvZqIwxddTWwPxb9Mg95_X4j6UAr1FYyyZSMZs=) executed DeleteObj
22.01.2020 16:42:30 [ZomBerryAdmin]: Meeloo (fMO1JIvZqIwxddTWwPxb9Mg95_X4j6UAr1FYyyZSMZs=) executed DeleteObj
22.01.2020 16:42:30 [ZomBerryAdmin]: Meeloo (fMO1JIvZqIwxddTWwPxb9Mg95_X4j6UAr1FYyyZSMZs=) executed DeleteObj
22.01.2020 16:42:31 [ZomBerryAdmin]: Meeloo (fMO1JIvZqIwxddTWwPxb9Mg95_X4j6UAr1FYyyZSMZs=) executed DeleteObj
22.01.2020 16:42:31 [ZomBerryAdmin]: Meeloo (fMO1JIvZqIwxddTWwPxb9Mg95_X4j6UAr1FYyyZSMZs=) executed DeleteObj
22.01.2020 16:42:32 [ZomBerryAdmin]: Meeloo (fMO1JIvZqIwxddTWwPxb9Mg95_X4j6UAr1FYyyZSMZs=) executed DeleteObj
22.01.2020 16:42:32 [ZomBerryAdmin]: Meeloo (fMO1JIvZqIwxddTWwPxb9Mg95_X4j6UAr1FYyyZSMZs=) executed DeleteObj
22.01.2020 16:42:32 [ZomBerryAdmin]: Meeloo (fMO1JIvZqIwxddTWwPxb9Mg95_X4j6UAr1FYyyZSMZs=) executed DeleteObj
22.01.2020 16:42:32 [ZomBerryAdmin]: Meeloo (fMO1JIvZqIwxddTWwPxb9Mg95_X4j6UAr1FYyyZSMZs=) executed DeleteObj
22.01.2020 16:42:32 [ZomBerryAdmin]: Meeloo (fMO1JIvZqIwxddTWwPxb9Mg95_X4j6UAr1FYyyZSMZs=) executed DeleteObj
22.01.2020 16:42:32 [ZomBerryAdmin]: Meeloo (fMO1JIvZqIwxddTWwPxb9Mg95_X4j6UAr1FYyyZSMZs=) executed DeleteObj
22.01.2020 16:42:32 [ZomBerryAdmin]: Meeloo (fMO1JIvZqIwxddTWwPxb9Mg95_X4j6UAr1FYyyZSMZs=) executed DeleteObj
22.01.2020 16:42:33 [ZomBerryAdmin]: Meeloo (fMO1JIvZqIwxddTWwPxb9Mg95_X4j6UAr1FYyyZSMZs=) executed DeleteObj
22.01.2020 16:42:33 [ZomBerryAdmin]: Meeloo (fMO1JIvZqIwxddTWwPxb9Mg95_X4j6UAr1FYyyZSMZs=) executed DeleteObj
22.01.2020 16:42:33 [ZomBerryAdmin]: Meeloo (fMO1JIvZqIwxddTWwPxb9Mg95_X4j6UAr1FYyyZSMZs=) executed DeleteObj
22.01.2020 16:42:33 [ZomBerryAdmin]: Meeloo (fMO1JIvZqIwxddTWwPxb9Mg95_X4j6UAr1FYyyZSMZs=) executed DeleteObj
22.01.2020 16:42:34 [ZomBerryAdmin]: Meeloo (fMO1JIvZqIwxddTWwPxb9Mg95_X4j6UAr1FYyyZSMZs=) executed DeleteObj
22.01.2020 16:42:34 [ZomBerryAdmin]: Meeloo (fMO1JIvZqIwxddTWwPxb9Mg95_X4j6UAr1FYyyZSMZs=) executed DeleteObj
22.01.2020 16:42:34 [ZomBerryAdmin]: Meeloo (fMO1JIvZqIwxddTWwPxb9Mg95_X4j6UAr1FYyyZSMZs=) executed DeleteObj
22.01.2020 16:42:34 [ZomBerryAdmin]: Meeloo (fMO1JIvZqIwxddTWwPxb9Mg95_X4j6UAr1FYyyZSMZs=) executed DeleteObj
22.01.2020 16:42:35 [ZomBerryAdmin]: Meeloo (fMO1JIvZqIwxddTWwPxb9Mg95_X4j6UAr1FYyyZSMZs=) executed DeleteObj
22.01.2020 16:42:35 [ZomBerryAdmin]: Meeloo (fMO1JIvZqIwxddTWwPxb9Mg95_X4j6UAr1FYyyZSMZs=) executed DeleteObj
22.01.2020 16:42:35 [ZomBerryAdmin]: Meeloo (fMO1JIvZqIwxddTWwPxb9Mg95_X4j6UAr1FYyyZSMZs=) executed DeleteObj
22.01.2020 16:42:35 [ZomBerryAdmin]: Meeloo (fMO1JIvZqIwxddTWwPxb9Mg95_X4j6UAr1FYyyZSMZs=) executed DeleteObj
22.01.2020 16:42:35 [ZomBerryAdmin]: Meeloo (fMO1JIvZqIwxddTWwPxb9Mg95_X4j6UAr1FYyyZSMZs=) executed DeleteObj
22.01.2020 16:42:35 [ZomBerryAdmin]: Meeloo (fMO1JIvZqIwxddTWwPxb9Mg95_X4j6UAr1FYyyZSMZs=) executed DeleteObj
22.01.2020 16:42:47 [ZomBerryDbg]: Meeloo (fMO1JIvZqIwxddTWwPxb9Mg95_X4j6UAr1FYyyZSMZs=) - player list sync
22.01.2020 16:42:47 [ZomBerryDbg]: Meeloo (fMO1JIvZqIwxddTWwPxb9Mg95_X4j6UAr1FYyyZSMZs=) - function list sync
22.01.2020 16:43:06 [ZomBerryAdmin]: Meeloo (fMO1JIvZqIwxddTWwPxb9Mg95_X4j6UAr1FYyyZSMZs=) spawned GP_Ruger1022_Green at <8219.018555, 290.244171, 6014.061035>
22.01.2020 16:43:13 [ZomBerryAdmin]: Meeloo (fMO1JIvZqIwxddTWwPxb9Mg95_X4j6UAr1FYyyZSMZs=) spawned GP_Scout_Black at <8219.018555, 290.244171, 6014.061035>
22.01.2020 16:43:18 [ZomBerryAdmin]: Meeloo (fMO1JIvZqIwxddTWwPxb9Mg95_X4j6UAr1FYyyZSMZs=) spawned GP_AugSteyr at <8219.018555, 290.244171, 6014.061035>
22.01.2020 16:43:23 [ZomBerryAdmin]: Meeloo (fMO1JIvZqIwxddTWwPxb9Mg95_X4j6UAr1FYyyZSMZs=) spawned mac10 at <8218.927734, 290.298889, 6014.113281>
22.01.2020 16:43:25 [ZomBerryAdmin]: Meeloo (fMO1JIvZqIwxddTWwPxb9Mg95_X4j6UAr1FYyyZSMZs=) spawned M24 at <8218.904297, 290.312317, 6014.125000>
22.01.2020 16:43:27 [ZomBerryAdmin]: Meeloo (fMO1JIvZqIwxddTWwPxb9Mg95_X4j6UAr1FYyyZSMZs=) spawned LeeEnfield at <8218.904297, 290.312317, 6014.125000>
22.01.2020 16:43:28 [ZomBerryAdmin]: Meeloo (fMO1JIvZqIwxddTWwPxb9Mg95_X4j6UAr1FYyyZSMZs=) spawned G36 at <8218.758789, 290.399323, 6014.207031>
22.01.2020 16:44:03 [ZomBerryDbg]: Meeloo (fMO1JIvZqIwxddTWwPxb9Mg95_X4j6UAr1FYyyZSMZs=) - player list sync
22.01.2020 16:44:03 [ZomBerryDbg]: Meeloo (fMO1JIvZqIwxddTWwPxb9Mg95_X4j6UAr1FYyyZSMZs=) - function list sync
22.01.2020 16:45:24 [ZomBerryDbg]: Meeloo (fMO1JIvZqIwxddTWwPxb9Mg95_X4j6UAr1FYyyZSMZs=) - player list sync
22.01.2020 16:45:24 [ZomBerryDbg]: Meeloo (fMO1JIvZqIwxddTWwPxb9Mg95_X4j6UAr1FYyyZSMZs=) - function list sync
22.01.2020 16:45:41 [ZomBerryAdmin]: Meeloo (fMO1JIvZqIwxddTWwPxb9Mg95_X4j6UAr1FYyyZSMZs=) spawned Mag_CMAG_30Rnd_Black at <8224.520508, 290.215881, 6012.215820>
22.01.2020 16:45:42 [ZomBerryAdmin]: Meeloo (fMO1JIvZqIwxddTWwPxb9Mg95_X4j6UAr1FYyyZSMZs=) spawned Mag_CMAG_30Rnd at <8224.463867, 290.249908, 6012.240723>
22.01.2020 16:45:42 [ZomBerryAdmin]: Meeloo (fMO1JIvZqIwxddTWwPxb9Mg95_X4j6UAr1FYyyZSMZs=) spawned Mag_CMAG_30Rnd at <8224.414063, 290.278595, 6012.251465>
22.01.2020 16:46:33 [ZomBerryDbg]: Meeloo (fMO1JIvZqIwxddTWwPxb9Mg95_X4j6UAr1FYyyZSMZs=) - player list sync
22.01.2020 16:46:33 [ZomBerryDbg]: Meeloo (fMO1JIvZqIwxddTWwPxb9Mg95_X4j6UAr1FYyyZSMZs=) - function list sync
22.01.2020 16:46:55 [ZomBerryAdmin]: Meeloo (fMO1JIvZqIwxddTWwPxb9Mg95_X4j6UAr1FYyyZSMZs=) spawned Mag_m14_20Rnd at <8219.402344, 290.249756, 6015.674805>
22.01.2020 16:46:56 [ZomBerryAdmin]: Meeloo (fMO1JIvZqIwxddTWwPxb9Mg95_X4j6UAr1FYyyZSMZs=) spawned Mag_m14_20Rnd at <8219.416992, 290.271423, 6015.653320>
22.01.2020 16:47:08 [ZomBerryAdmin]: Meeloo (fMO1JIvZqIwxddTWwPxb9Mg95_X4j6UAr1FYyyZSMZs=) spawned GP_Winchester70 at <8219.419922, 290.275055, 6015.649902>
22.01.2020 16:47:11 [ZomBerryAdmin]: Meeloo (fMO1JIvZqIwxddTWwPxb9Mg95_X4j6UAr1FYyyZSMZs=) spawned GP_M249 at <8219.438477, 290.303314, 6015.622070>
22.01.2020 16:47:11 [ZomBerryAdmin]: Meeloo (fMO1JIvZqIwxddTWwPxb9Mg95_X4j6UAr1FYyyZSMZs=) spawned GP_M249 at <8219.498047, 290.392487, 6015.534180>
22.01.2020 16:47:34 [ZomBerryAdmin]: Meeloo (fMO1JIvZqIwxddTWwPxb9Mg95_X4j6UAr1FYyyZSMZs=) spawned Sword at <8219.594727, 290.535004, 6015.393555>
22.01.2020 16:47:38 [ZomBerryAdmin]: Meeloo (fMO1JIvZqIwxddTWwPxb9Mg95_X4j6UAr1FYyyZSMZs=) spawned Cleaver at <8219.607422, 290.554504, 6015.374512>
22.01.2020 16:47:44 [ZomBerryAdmin]: Meeloo (fMO1JIvZqIwxddTWwPxb9Mg95_X4j6UAr1FYyyZSMZs=) spawned Chainsaw at <8219.626953, 290.581665, 6015.348145>
22.01.2020 16:47:56 [ZomBerryDbg]: Meeloo (fMO1JIvZqIwxddTWwPxb9Mg95_X4j6UAr1FYyyZSMZs=) - player list sync
22.01.2020 16:47:56 [ZomBerryDbg]: Meeloo (fMO1JIvZqIwxddTWwPxb9Mg95_X4j6UAr1FYyyZSMZs=) - function list sync
22.01.2020 16:48:22 [ZomBerryAdmin]: Meeloo (fMO1JIvZqIwxddTWwPxb9Mg95_X4j6UAr1FYyyZSMZs=) spawned bldr_bath at <8210.752930, 290.354889, 6018.916016>
22.01.2020 16:48:27 [ZomBerryAdmin]: Meeloo (fMO1JIvZqIwxddTWwPxb9Mg95_X4j6UAr1FYyyZSMZs=) executed DeleteObj
22.01.2020 16:48:27 [ZomBerryAdmin]: Meeloo (fMO1JIvZqIwxddTWwPxb9Mg95_X4j6UAr1FYyyZSMZs=) executed DeleteObj
22.01.2020 16:48:28 [ZomBerryAdmin]: Meeloo (fMO1JIvZqIwxddTWwPxb9Mg95_X4j6UAr1FYyyZSMZs=) executed DeleteObj
22.01.2020 16:48:28 [ZomBerryAdmin]: Meeloo (fMO1JIvZqIwxddTWwPxb9Mg95_X4j6UAr1FYyyZSMZs=) executed DeleteObj
22.01.2020 16:48:29 [ZomBerryAdmin]: Meeloo (fMO1JIvZqIwxddTWwPxb9Mg95_X4j6UAr1FYyyZSMZs=) executed DeleteObj
22.01.2020 16:48:29 [ZomBerryAdmin]: Meeloo (fMO1JIvZqIwxddTWwPxb9Mg95_X4j6UAr1FYyyZSMZs=) executed DeleteObj
22.01.2020 16:48:29 [ZomBerryAdmin]: Meeloo (fMO1JIvZqIwxddTWwPxb9Mg95_X4j6UAr1FYyyZSMZs=) executed DeleteObj
22.01.2020 16:48:30 [ZomBerryAdmin]: Meeloo (fMO1JIvZqIwxddTWwPxb9Mg95_X4j6UAr1FYyyZSMZs=) executed DeleteObj
22.01.2020 16:48:30 [ZomBerryAdmin]: Meeloo (fMO1JIvZqIwxddTWwPxb9Mg95_X4j6UAr1FYyyZSMZs=) executed DeleteObj
22.01.2020 16:48:30 [ZomBerryAdmin]: Meeloo (fMO1JIvZqIwxddTWwPxb9Mg95_X4j6UAr1FYyyZSMZs=) executed DeleteObj
22.01.2020 16:48:30 [ZomBerryAdmin]: Meeloo (fMO1JIvZqIwxddTWwPxb9Mg95_X4j6UAr1FYyyZSMZs=) executed DeleteObj
22.01.2020 16:48:30 [ZomBerryAdmin]: Meeloo (fMO1JIvZqIwxddTWwPxb9Mg95_X4j6UAr1FYyyZSMZs=) executed DeleteObj
22.01.2020 16:48:31 [ZomBerryAdmin]: Meeloo (fMO1JIvZqIwxddTWwPxb9Mg95_X4j6UAr1FYyyZSMZs=) executed DeleteObj
22.01.2020 16:48:31 [ZomBerryAdmin]: Meeloo (fMO1JIvZqIwxddTWwPxb9Mg95_X4j6UAr1FYyyZSMZs=) executed DeleteObj
22.01.2020 16:48:35 [ZomBerryDbg]: Meeloo (fMO1JIvZqIwxddTWwPxb9Mg95_X4j6UAr1FYyyZSMZs=) - player list sync
22.01.2020 16:48:35 [ZomBerryDbg]: Meeloo (fMO1JIvZqIwxddTWwPxb9Mg95_X4j6UAr1FYyyZSMZs=) - function list sync
22.01.2020 16:48:59 [ZomBerryAdmin]: Meeloo (fMO1JIvZqIwxddTWwPxb9Mg95_X4j6UAr1FYyyZSMZs=) spawned bldr_tsytisy_barracks_battary at <8212.965820, 290.329254, 6017.667969>
22.01.2020 16:49:03 [ZomBerryAdmin]: Meeloo (fMO1JIvZqIwxddTWwPxb9Mg95_X4j6UAr1FYyyZSMZs=) executed DeleteObj
22.01.2020 16:49:03 [ZomBerryAdmin]: Meeloo (fMO1JIvZqIwxddTWwPxb9Mg95_X4j6UAr1FYyyZSMZs=) executed DeleteObj
22.01.2020 16:49:03 [ZomBerryAdmin]: Meeloo (fMO1JIvZqIwxddTWwPxb9Mg95_X4j6UAr1FYyyZSMZs=) executed DeleteObj
22.01.2020 16:49:03 [ZomBerryAdmin]: Meeloo (fMO1JIvZqIwxddTWwPxb9Mg95_X4j6UAr1FYyyZSMZs=) executed DeleteObj
22.01.2020 16:49:04 [ZomBerryAdmin]: Meeloo (fMO1JIvZqIwxddTWwPxb9Mg95_X4j6UAr1FYyyZSMZs=) executed DeleteObj
22.01.2020 16:49:04 [ZomBerryAdmin]: Meeloo (fMO1JIvZqIwxddTWwPxb9Mg95_X4j6UAr1FYyyZSMZs=) executed DeleteObj
22.01.2020 16:49:04 [ZomBerryAdmin]: Meeloo (fMO1JIvZqIwxddTWwPxb9Mg95_X4j6UAr1FYyyZSMZs=) executed DeleteObj
22.01.2020 16:49:04 [ZomBerryAdmin]: Meeloo (fMO1JIvZqIwxddTWwPxb9Mg95_X4j6UAr1FYyyZSMZs=) executed DeleteObj
22.01.2020 16:49:05 [ZomBerryAdmin]: Meeloo (fMO1JIvZqIwxddTWwPxb9Mg95_X4j6UAr1FYyyZSMZs=) executed DeleteObj
22.01.2020 16:49:05 [ZomBerryAdmin]: Meeloo (fMO1JIvZqIwxddTWwPxb9Mg95_X4j6UAr1FYyyZSMZs=) executed DeleteObj
22.01.2020 16:49:06 [ZomBerryAdmin]: Meeloo (fMO1JIvZqIwxddTWwPxb9Mg95_X4j6UAr1FYyyZSMZs=) executed DeleteObj
22.01.2020 16:49:06 [ZomBerryAdmin]: Meeloo (fMO1JIvZqIwxddTWwPxb9Mg95_X4j6UAr1FYyyZSMZs=) executed DeleteObj
22.01.2020 16:49:06 [ZomBerryAdmin]: Meeloo (fMO1JIvZqIwxddTWwPxb9Mg95_X4j6UAr1FYyyZSMZs=) executed DeleteObj
22.01.2020 16:49:06 [ZomBerryAdmin]: Meeloo (fMO1JIvZqIwxddTWwPxb9Mg95_X4j6UAr1FYyyZSMZs=) executed DeleteObj
22.01.2020 16:49:07 [ZomBerryAdmin]: Meeloo (fMO1JIvZqIwxddTWwPxb9Mg95_X4j6UAr1FYyyZSMZs=) executed DeleteObj
22.01.2020 16:49:07 [ZomBerryAdmin]: Meeloo (fMO1JIvZqIwxddTWwPxb9Mg95_X4j6UAr1FYyyZSMZs=) executed DeleteObj
22.01.2020 16:49:07 [ZomBerryAdmin]: Meeloo (fMO1JIvZqIwxddTWwPxb9Mg95_X4j6UAr1FYyyZSMZs=) executed DeleteObj
22.01.2020 16:49:08 [ZomBerryAdmin]: Meeloo (fMO1JIvZqIwxddTWwPxb9Mg95_X4j6UAr1FYyyZSMZs=) executed DeleteObj
22.01.2020 16:49:08 [ZomBerryAdmin]: Meeloo (fMO1JIvZqIwxddTWwPxb9Mg95_X4j6UAr1FYyyZSMZs=) executed DeleteObj
22.01.2020 16:49:09 [ZomBerryAdmin]: Meeloo (fMO1JIvZqIwxddTWwPxb9Mg95_X4j6UAr1FYyyZSMZs=) executed DeleteObj
22.01.2020 16:49:09 [ZomBerryAdmin]: Meeloo (fMO1JIvZqIwxddTWwPxb9Mg95_X4j6UAr1FYyyZSMZs=) executed DeleteObj
22.01.2020 16:49:09 [ZomBerryAdmin]: Meeloo (fMO1JIvZqIwxddTWwPxb9Mg95_X4j6UAr1FYyyZSMZs=) executed DeleteObj
22.01.2020 16:49:09 [ZomBerryAdmin]: Meeloo (fMO1JIvZqIwxddTWwPxb9Mg95_X4j6UAr1FYyyZSMZs=) executed DeleteObj
22.01.2020 16:49:10 [ZomBerryAdmin]: Meeloo (fMO1JIvZqIwxddTWwPxb9Mg95_X4j6UAr1FYyyZSMZs=) executed DeleteObj
22.01.2020 16:49:10 [ZomBerryAdmin]: Meeloo (fMO1JIvZqIwxddTWwPxb9Mg95_X4j6UAr1FYyyZSMZs=) executed DeleteObj
22.01.2020 16:49:10 [ZomBerryAdmin]: Meeloo (fMO1JIvZqIwxddTWwPxb9Mg95_X4j6UAr1FYyyZSMZs=) executed DeleteObj
22.01.2020 16:49:11 [ZomBerryAdmin]: Meeloo (fMO1JIvZqIwxddTWwPxb9Mg95_X4j6UAr1FYyyZSMZs=) executed DeleteObj
22.01.2020 16:49:11 [ZomBerryAdmin]: Meeloo (fMO1JIvZqIwxddTWwPxb9Mg95_X4j6UAr1FYyyZSMZs=) executed DeleteObj
22.01.2020 16:49:11 [ZomBerryAdmin]: Meeloo (fMO1JIvZqIwxddTWwPxb9Mg95_X4j6UAr1FYyyZSMZs=) executed DeleteObj
22.01.2020 16:49:11 [ZomBerryAdmin]: Meeloo (fMO1JIvZqIwxddTWwPxb9Mg95_X4j6UAr1FYyyZSMZs=) executed DeleteObj
22.01.2020 16:49:12 [ZomBerryAdmin]: Meeloo (fMO1JIvZqIwxddTWwPxb9Mg95_X4j6UAr1FYyyZSMZs=) executed DeleteObj
22.01.2020 16:49:12 [ZomBerryAdmin]: Meeloo (fMO1JIvZqIwxddTWwPxb9Mg95_X4j6UAr1FYyyZSMZs=) executed DeleteObj
22.01.2020 16:49:12 [ZomBerryAdmin]: Meeloo (fMO1JIvZqIwxddTWwPxb9Mg95_X4j6UAr1FYyyZSMZs=) executed DeleteObj
22.01.2020 16:49:13 [ZomBerryAdmin]: Meeloo (fMO1JIvZqIwxddTWwPxb9Mg95_X4j6UAr1FYyyZSMZs=) executed DeleteObj
22.01.2020 16:49:13 [ZomBerryAdmin]: Meeloo (fMO1JIvZqIwxddTWwPxb9Mg95_X4j6UAr1FYyyZSMZs=) executed DeleteObj
22.01.2020 16:49:13 [ZomBerryAdmin]: Meeloo (fMO1JIvZqIwxddTWwPxb9Mg95_X4j6UAr1FYyyZSMZs=) executed DeleteObj
22.01.2020 16:49:13 [ZomBerryAdmin]: Meeloo (fMO1JIvZqIwxddTWwPxb9Mg95_X4j6UAr1FYyyZSMZs=) executed DeleteObj
22.01.2020 16:49:14 [ZomBerryAdmin]: Meeloo (fMO1JIvZqIwxddTWwPxb9Mg95_X4j6UAr1FYyyZSMZs=) executed DeleteObj
22.01.2020 16:49:17 [ZomBerryAdmin]: Meeloo (fMO1JIvZqIwxddTWwPxb9Mg95_X4j6UAr1FYyyZSMZs=) executed DeleteObj
22.01.2020 16:49:17 [ZomBerryAdmin]: Meeloo (fMO1JIvZqIwxddTWwPxb9Mg95_X4j6UAr1FYyyZSMZs=) executed DeleteObj
22.01.2020 16:49:17 [ZomBerryAdmin]: Meeloo (fMO1JIvZqIwxddTWwPxb9Mg95_X4j6UAr1FYyyZSMZs=) executed DeleteObj
22.01.2020 16:49:18 [ZomBerryAdmin]: Meeloo (fMO1JIvZqIwxddTWwPxb9Mg95_X4j6UAr1FYyyZSMZs=) executed DeleteObj
22.01.2020 16:49:18 [ZomBerryAdmin]: Meeloo (fMO1JIvZqIwxddTWwPxb9Mg95_X4j6UAr1FYyyZSMZs=) executed DeleteObj
22.01.2020 16:49:18 [ZomBerryAdmin]: Meeloo (fMO1JIvZqIwxddTWwPxb9Mg95_X4j6UAr1FYyyZSMZs=) executed DeleteObj
22.01.2020 16:49:18 [ZomBerryAdmin]: Meeloo (fMO1JIvZqIwxddTWwPxb9Mg95_X4j6UAr1FYyyZSMZs=) executed DeleteObj
22.01.2020 16:49:18 [ZomBerryAdmin]: Meeloo (fMO1JIvZqIwxddTWwPxb9Mg95_X4j6UAr1FYyyZSMZs=) executed DeleteObj
22.01.2020 16:49:19 [ZomBerryAdmin]: Meeloo (fMO1JIvZqIwxddTWwPxb9Mg95_X4j6UAr1FYyyZSMZs=) executed DeleteObj
22.01.2020 16:49:19 [ZomBerryAdmin]: Meeloo (fMO1JIvZqIwxddTWwPxb9Mg95_X4j6UAr1FYyyZSMZs=) executed DeleteObj
22.01.2020 16:49:19 [ZomBerryAdmin]: Meeloo (fMO1JIvZqIwxddTWwPxb9Mg95_X4j6UAr1FYyyZSMZs=) executed DeleteObj
22.01.2020 16:49:20 [ZomBerryAdmin]: Meeloo (fMO1JIvZqIwxddTWwPxb9Mg95_X4j6UAr1FYyyZSMZs=) executed DeleteObj
22.01.2020 16:49:20 [ZomBerryAdmin]: Meeloo (fMO1JIvZqIwxddTWwPxb9Mg95_X4j6UAr1FYyyZSMZs=) executed DeleteObj
22.01.2020 16:49:20 [ZomBerryAdmin]: Meeloo (fMO1JIvZqIwxddTWwPxb9Mg95_X4j6UAr1FYyyZSMZs=) executed DeleteObj
22.01.2020 16:49:20 [ZomBerryAdmin]: Meeloo (fMO1JIvZqIwxddTWwPxb9Mg95_X4j6UAr1FYyyZSMZs=) executed DeleteObj
22.01.2020 16:49:20 [ZomBerryAdmin]: Meeloo (fMO1JIvZqIwxddTWwPxb9Mg95_X4j6UAr1FYyyZSMZs=) executed DeleteObj
22.01.2020 16:49:21 [ZomBerryAdmin]: Meeloo (fMO1JIvZqIwxddTWwPxb9Mg95_X4j6UAr1FYyyZSMZs=) executed DeleteObj
22.01.2020 16:49:21 [ZomBerryAdmin]: Meeloo (fMO1JIvZqIwxddTWwPxb9Mg95_X4j6UAr1FYyyZSMZs=) executed DeleteObj
22.01.2020 16:49:21 [ZomBerryAdmin]: Meeloo (fMO1JIvZqIwxddTWwPxb9Mg95_X4j6UAr1FYyyZSMZs=) executed DeleteObj
22.01.2020 16:49:21 [ZomBerryAdmin]: Meeloo (fMO1JIvZqIwxddTWwPxb9Mg95_X4j6UAr1FYyyZSMZs=) executed DeleteObj
22.01.2020 16:49:21 [ZomBerryAdmin]: Meeloo (fMO1JIvZqIwxddTWwPxb9Mg95_X4j6UAr1FYyyZSMZs=) executed DeleteObj
22.01.2020 16:49:23 [ZomBerryAdmin]: Meeloo (fMO1JIvZqIwxddTWwPxb9Mg95_X4j6UAr1FYyyZSMZs=) executed DeleteObj
22.01.2020 16:49:23 [ZomBerryAdmin]: Meeloo (fMO1JIvZqIwxddTWwPxb9Mg95_X4j6UAr1FYyyZSMZs=) executed DeleteObj
22.01.2020 16:49:23 [ZomBerryAdmin]: Meeloo (fMO1JIvZqIwxddTWwPxb9Mg95_X4j6UAr1FYyyZSMZs=) executed DeleteObj
22.01.2020 16:49:23 [ZomBerryAdmin]: Meeloo (fMO1JIvZqIwxddTWwPxb9Mg95_X4j6UAr1FYyyZSMZs=) executed DeleteObj
22.01.2020 16:49:24 [ZomBerryAdmin]: Meeloo (fMO1JIvZqIwxddTWwPxb9Mg95_X4j6UAr1FYyyZSMZs=) executed DeleteObj
22.01.2020 16:49:24 [ZomBerryAdmin]: Meeloo (fMO1JIvZqIwxddTWwPxb9Mg95_X4j6UAr1FYyyZSMZs=) executed DeleteObj
22.01.2020 16:49:24 [ZomBerryAdmin]: Meeloo (fMO1JIvZqIwxddTWwPxb9Mg95_X4j6UAr1FYyyZSMZs=) executed DeleteObj
22.01.2020 16:49:24 [ZomBerryAdmin]: Meeloo (fMO1JIvZqIwxddTWwPxb9Mg95_X4j6UAr1FYyyZSMZs=) executed DeleteObj
22.01.2020 16:49:24 [ZomBerryAdmin]: Meeloo (fMO1JIvZqIwxddTWwPxb9Mg95_X4j6UAr1FYyyZSMZs=) executed DeleteObj
22.01.2020 16:49:25 [ZomBerryAdmin]: Meeloo (fMO1JIvZqIwxddTWwPxb9Mg95_X4j6UAr1FYyyZSMZs=) executed DeleteObj
22.01.2020 16:49:25 [ZomBerryAdmin]: Meeloo (fMO1JIvZqIwxddTWwPxb9Mg95_X4j6UAr1FYyyZSMZs=) executed DeleteObj
22.01.2020 16:49:25 [ZomBerryAdmin]: Meeloo (fMO1JIvZqIwxddTWwPxb9Mg95_X4j6UAr1FYyyZSMZs=) executed DeleteObj
22.01.2020 16:49:25 [ZomBerryAdmin]: Meeloo (fMO1JIvZqIwxddTWwPxb9Mg95_X4j6UAr1FYyyZSMZs=) executed DeleteObj
22.01.2020 16:49:25 [ZomBerryAdmin]: Meeloo (fMO1JIvZqIwxddTWwPxb9Mg95_X4j6UAr1FYyyZSMZs=) executed DeleteObj
22.01.2020 16:49:26 [ZomBerryAdmin]: Meeloo (fMO1JIvZqIwxddTWwPxb9Mg95_X4j6UAr1FYyyZSMZs=) executed DeleteObj
22.01.2020 16:49:26 [ZomBerryAdmin]: Meeloo (fMO1JIvZqIwxddTWwPxb9Mg95_X4j6UAr1FYyyZSMZs=) executed DeleteObj
22.01.2020 16:49:26 [ZomBerryAdmin]: Meeloo (fMO1JIvZqIwxddTWwPxb9Mg95_X4j6UAr1FYyyZSMZs=) executed DeleteObj
22.01.2020 16:49:26 [ZomBerryAdmin]: Meeloo (fMO1JIvZqIwxddTWwPxb9Mg95_X4j6UAr1FYyyZSMZs=) executed DeleteObj
22.01.2020 16:49:26 [ZomBerryAdmin]: Meeloo (fMO1JIvZqIwxddTWwPxb9Mg95_X4j6UAr1FYyyZSMZs=) executed DeleteObj
22.01.2020 16:49:26 [ZomBerryAdmin]: Meeloo (fMO1JIvZqIwxddTWwPxb9Mg95_X4j6UAr1FYyyZSMZs=) executed DeleteObj
22.01.2020 16:49:27 [ZomBerryAdmin]: Meeloo (fMO1JIvZqIwxddTWwPxb9Mg95_X4j6UAr1FYyyZSMZs=) executed DeleteObj
22.01.2020 16:49:27 [ZomBerryAdmin]: Meeloo (fMO1JIvZqIwxddTWwPxb9Mg95_X4j6UAr1FYyyZSMZs=) executed DeleteObj
22.01.2020 16:49:27 [ZomBerryAdmin]: Meeloo (fMO1JIvZqIwxddTWwPxb9Mg95_X4j6UAr1FYyyZSMZs=) executed DeleteObj
22.01.2020 16:49:27 [ZomBerryAdmin]: Meeloo (fMO1JIvZqIwxddTWwPxb9Mg95_X4j6UAr1FYyyZSMZs=) executed DeleteObj
22.01.2020 16:49:27 [ZomBerryAdmin]: Meeloo (fMO1JIvZqIwxddTWwPxb9Mg95_X4j6UAr1FYyyZSMZs=) executed DeleteObj
22.01.2020 16:49:28 [ZomBerryAdmin]: Meeloo (fMO1JIvZqIwxddTWwPxb9Mg95_X4j6UAr1FYyyZSMZs=) executed DeleteObj
22.01.2020 16:49:28 [ZomBerryAdmin]: Meeloo (fMO1JIvZqIwxddTWwPxb9Mg95_X4j6UAr1FYyyZSMZs=) executed DeleteObj
22.01.2020 16:49:28 [ZomBerryAdmin]: Meeloo (fMO1JIvZqIwxddTWwPxb9Mg95_X4j6UAr1FYyyZSMZs=) executed DeleteObj
22.01.2020 16:49:28 [ZomBerryAdmin]: Meeloo (fMO1JIvZqIwxddTWwPxb9Mg95_X4j6UAr1FYyyZSMZs=) executed DeleteObj
22.01.2020 16:49:28 [ZomBerryAdmin]: Meeloo (fMO1JIvZqIwxddTWwPxb9Mg95_X4j6UAr1FYyyZSMZs=) executed DeleteObj
22.01.2020 16:49:28 [ZomBerryAdmin]: Meeloo (fMO1JIvZqIwxddTWwPxb9Mg95_X4j6UAr1FYyyZSMZs=) executed DeleteObj
22.01.2020 16:49:29 [ZomBerryAdmin]: Meeloo (fMO1JIvZqIwxddTWwPxb9Mg95_X4j6UAr1FYyyZSMZs=) executed DeleteObj
22.01.2020 16:49:29 [ZomBerryAdmin]: Meeloo (fMO1JIvZqIwxddTWwPxb9Mg95_X4j6UAr1FYyyZSMZs=) executed DeleteObj
22.01.2020 16:49:29 [ZomBerryAdmin]: Meeloo (fMO1JIvZqIwxddTWwPxb9Mg95_X4j6UAr1FYyyZSMZs=) executed DeleteObj
22.01.2020 16:49:29 [ZomBerryAdmin]: Meeloo (fMO1JIvZqIwxddTWwPxb9Mg95_X4j6UAr1FYyyZSMZs=) executed DeleteObj
22.01.2020 16:49:29 [ZomBerryAdmin]: Meeloo (fMO1JIvZqIwxddTWwPxb9Mg95_X4j6UAr1FYyyZSMZs=) executed DeleteObj
22.01.2020 16:49:30 [ZomBerryAdmin]: Meeloo (fMO1JIvZqIwxddTWwPxb9Mg95_X4j6UAr1FYyyZSMZs=) executed DeleteObj
22.01.2020 16:49:30 [ZomBerryAdmin]: Meeloo (fMO1JIvZqIwxddTWwPxb9Mg95_X4j6UAr1FYyyZSMZs=) executed DeleteObj
22.01.2020 16:49:30 [ZomBerryAdmin]: Meeloo (fMO1JIvZqIwxddTWwPxb9Mg95_X4j6UAr1FYyyZSMZs=) executed DeleteObj
22.01.2020 16:49:30 [ZomBerryAdmin]: Meeloo (fMO1JIvZqIwxddTWwPxb9Mg95_X4j6UAr1FYyyZSMZs=) executed DeleteObj
22.01.2020 16:49:30 [ZomBerryAdmin]: Meeloo (fMO1JIvZqIwxddTWwPxb9Mg95_X4j6UAr1FYyyZSMZs=) executed DeleteObj
22.01.2020 16:49:31 [ZomBerryAdmin]: Meeloo (fMO1JIvZqIwxddTWwPxb9Mg95_X4j6UAr1FYyyZSMZs=) executed DeleteObj
22.01.2020 16:49:31 [ZomBerryAdmin]: Meeloo (fMO1JIvZqIwxddTWwPxb9Mg95_X4j6UAr1FYyyZSMZs=) executed DeleteObj
22.01.2020 16:49:31 [ZomBerryAdmin]: Meeloo (fMO1JIvZqIwxddTWwPxb9Mg95_X4j6UAr1FYyyZSMZs=) executed DeleteObj
22.01.2020 16:49:31 [ZomBerryAdmin]: Meeloo (fMO1JIvZqIwxddTWwPxb9Mg95_X4j6UAr1FYyyZSMZs=) executed DeleteObj
22.01.2020 16:49:31 [ZomBerryAdmin]: Meeloo (fMO1JIvZqIwxddTWwPxb9Mg95_X4j6UAr1FYyyZSMZs=) executed DeleteObj
22.01.2020 16:49:31 [ZomBerryAdmin]: Meeloo (fMO1JIvZqIwxddTWwPxb9Mg95_X4j6UAr1FYyyZSMZs=) executed DeleteObj
22.01.2020 16:49:32 [ZomBerryAdmin]: Meeloo (fMO1JIvZqIwxddTWwPxb9Mg95_X4j6UAr1FYyyZSMZs=) executed DeleteObj
22.01.2020 16:49:32 [ZomBerryAdmin]: Meeloo (fMO1JIvZqIwxddTWwPxb9Mg95_X4j6UAr1FYyyZSMZs=) executed DeleteObj
22.01.2020 16:49:33 [ZomBerryAdmin]: Meeloo (fMO1JIvZqIwxddTWwPxb9Mg95_X4j6UAr1FYyyZSMZs=) executed DeleteObj
22.01.2020 16:49:33 [ZomBerryAdmin]: Meeloo (fMO1JIvZqIwxddTWwPxb9Mg95_X4j6UAr1FYyyZSMZs=) executed DeleteObj
22.01.2020 16:49:33 [ZomBerryAdmin]: Meeloo (fMO1JIvZqIwxddTWwPxb9Mg95_X4j6UAr1FYyyZSMZs=) executed DeleteObj
22.01.2020 16:49:33 [ZomBerryAdmin]: Meeloo (fMO1JIvZqIwxddTWwPxb9Mg95_X4j6UAr1FYyyZSMZs=) executed DeleteObj
22.01.2020 16:49:33 [ZomBerryAdmin]: Meeloo (fMO1JIvZqIwxddTWwPxb9Mg95_X4j6UAr1FYyyZSMZs=) executed DeleteObj
22.01.2020 16:49:34 [ZomBerryAdmin]: Meeloo (fMO1JIvZqIwxddTWwPxb9Mg95_X4j6UAr1FYyyZSMZs=) executed DeleteObj
22.01.2020 16:49:34 [ZomBerryAdmin]: Meeloo (fMO1JIvZqIwxddTWwPxb9Mg95_X4j6UAr1FYyyZSMZs=) executed DeleteObj
22.01.2020 16:49:38 [ZomBerryAdmin]: Meeloo (fMO1JIvZqIwxddTWwPxb9Mg95_X4j6UAr1FYyyZSMZs=) executed DeleteObj
22.01.2020 16:49:38 [ZomBerryAdmin]: Meeloo (fMO1JIvZqIwxddTWwPxb9Mg95_X4j6UAr1FYyyZSMZs=) executed DeleteObj
22.01.2020 16:49:39 [ZomBerryAdmin]: Meeloo (fMO1JIvZqIwxddTWwPxb9Mg95_X4j6UAr1FYyyZSMZs=) executed DeleteObj
22.01.2020 16:49:39 [ZomBerryAdmin]: Meeloo (fMO1JIvZqIwxddTWwPxb9Mg95_X4j6UAr1FYyyZSMZs=) executed DeleteObj
22.01.2020 16:49:39 [ZomBerryAdmin]: Meeloo (fMO1JIvZqIwxddTWwPxb9Mg95_X4j6UAr1FYyyZSMZs=) executed DeleteObj
22.01.2020 16:49:39 [ZomBerryAdmin]: Meeloo (fMO1JIvZqIwxddTWwPxb9Mg95_X4j6UAr1FYyyZSMZs=) executed DeleteObj
22.01.2020 16:49:39 [ZomBerryAdmin]: Meeloo (fMO1JIvZqIwxddTWwPxb9Mg95_X4j6UAr1FYyyZSMZs=) executed DeleteObj
22.01.2020 16:49:40 [ZomBerryAdmin]: Meeloo (fMO1JIvZqIwxddTWwPxb9Mg95_X4j6UAr1FYyyZSMZs=) executed DeleteObj
22.01.2020 16:50:12 [ZomBerryDbg]: Meeloo (fMO1JIvZqIwxddTWwPxb9Mg95_X4j6UAr1FYyyZSMZs=) - player list sync
22.01.2020 16:50:12 [ZomBerryDbg]: Meeloo (fMO1JIvZqIwxddTWwPxb9Mg95_X4j6UAr1FYyyZSMZs=) - function list sync
22.01.2020 16:50:25 [ZomBerryAdmin]: Meeloo (fMO1JIvZqIwxddTWwPxb9Mg95_X4j6UAr1FYyyZSMZs=) spawned Mag_M249_Box200Rnd at <8210.300781, 290.358307, 6018.879883>
22.01.2020 16:50:25 [ZomBerryAdmin]: Meeloo (fMO1JIvZqIwxddTWwPxb9Mg95_X4j6UAr1FYyyZSMZs=) spawned Mag_M249_Box200Rnd at <8210.342773, 290.381989, 6018.857422>
22.01.2020 16:52:12 [ZomBerryDbg]: Meeloo (fMO1JIvZqIwxddTWwPxb9Mg95_X4j6UAr1FYyyZSMZs=) - player list sync
22.01.2020 16:52:12 [ZomBerryDbg]: Meeloo (fMO1JIvZqIwxddTWwPxb9Mg95_X4j6UAr1FYyyZSMZs=) - function list sync
22.01.2020 16:52:20 [ZomBerryAdmin]: Meeloo (fMO1JIvZqIwxddTWwPxb9Mg95_X4j6UAr1FYyyZSMZs=) teleported to position <3724.696777, 402.000000, 5992.727051>
22.01.2020 16:53:32 [ZomBerryDbg]: Meeloo (fMO1JIvZqIwxddTWwPxb9Mg95_X4j6UAr1FYyyZSMZs=) - player list sync
22.01.2020 16:53:32 [ZomBerryDbg]: Meeloo (fMO1JIvZqIwxddTWwPxb9Mg95_X4j6UAr1FYyyZSMZs=) - function list sync
22.01.2020 16:53:33 [ZomBerryDbg]: Meeloo (fMO1JIvZqIwxddTWwPxb9Mg95_X4j6UAr1FYyyZSMZs=) - player list sync
22.01.2020 16:53:33 [ZomBerryDbg]: Meeloo (fMO1JIvZqIwxddTWwPxb9Mg95_X4j6UAr1FYyyZSMZs=) - function list sync
22.01.2020 16:53:37 [ZomBerryAdmin]: Meeloo (fMO1JIvZqIwxddTWwPxb9Mg95_X4j6UAr1FYyyZSMZs=) executed TimeDay
22.01.2020 16:53:45 [ZomBerryAdmin]: Meeloo (fMO1JIvZqIwxddTWwPxb9Mg95_X4j6UAr1FYyyZSMZs=) teleported to position <8346.775391, 291.989990, 5990.788086>
22.01.2020 16:56:11 [ZomBerryDbg]: Meeloo (fMO1JIvZqIwxddTWwPxb9Mg95_X4j6UAr1FYyyZSMZs=) - player list sync
22.01.2020 16:56:11 [ZomBerryDbg]: Meeloo (fMO1JIvZqIwxddTWwPxb9Mg95_X4j6UAr1FYyyZSMZs=) - function list sync
22.01.2020 16:56:16 [ZomBerryAdmin]: Meeloo (fMO1JIvZqIwxddTWwPxb9Mg95_X4j6UAr1FYyyZSMZs=) spawned Ammo_303 at <8226.208984, 290.206879, 6011.091797>
22.01.2020 16:56:16 [ZomBerryAdmin]: Meeloo (fMO1JIvZqIwxddTWwPxb9Mg95_X4j6UAr1FYyyZSMZs=) spawned Ammo_303 at <8226.208008, 290.206909, 6011.092285>
22.01.2020 16:56:17 [ZomBerryAdmin]: Meeloo (fMO1JIvZqIwxddTWwPxb9Mg95_X4j6UAr1FYyyZSMZs=) spawned Ammo_303 at <8226.207031, 290.206909, 6011.091797>
22.01.2020 16:56:17 [ZomBerryAdmin]: Meeloo (fMO1JIvZqIwxddTWwPxb9Mg95_X4j6UAr1FYyyZSMZs=) spawned Ammo_303 at <8226.206055, 290.206909, 6011.091309>
22.01.2020 16:56:17 [ZomBerryAdmin]: Meeloo (fMO1JIvZqIwxddTWwPxb9Mg95_X4j6UAr1FYyyZSMZs=) spawned Ammo_303 at <8226.205078, 290.206909, 6011.090820>
22.01.2020 16:56:17 [ZomBerryAdmin]: Meeloo (fMO1JIvZqIwxddTWwPxb9Mg95_X4j6UAr1FYyyZSMZs=) spawned Ammo_303 at <8226.204102, 290.206909, 6011.090820>
22.01.2020 16:56:59 [ZomBerryDbg]: Meeloo (fMO1JIvZqIwxddTWwPxb9Mg95_X4j6UAr1FYyyZSMZs=) - player list sync
22.01.2020 16:56:59 [ZomBerryDbg]: Meeloo (fMO1JIvZqIwxddTWwPxb9Mg95_X4j6UAr1FYyyZSMZs=) - function list sync
22.01.2020 16:57:08 [ZomBerryAdmin]: Meeloo (fMO1JIvZqIwxddTWwPxb9Mg95_X4j6UAr1FYyyZSMZs=) spawned Ammo_380 at <8227.906250, 290.205414, 6009.618164>
22.01.2020 16:57:08 [ZomBerryAdmin]: Meeloo (fMO1JIvZqIwxddTWwPxb9Mg95_X4j6UAr1FYyyZSMZs=) spawned Ammo_380 at <8227.888672, 290.216522, 6009.629883>
22.01.2020 16:57:08 [ZomBerryAdmin]: Meeloo (fMO1JIvZqIwxddTWwPxb9Mg95_X4j6UAr1FYyyZSMZs=) spawned Ammo_380 at <8227.859375, 290.231110, 6009.657715>
22.01.2020 16:57:08 [ZomBerryAdmin]: Meeloo (fMO1JIvZqIwxddTWwPxb9Mg95_X4j6UAr1FYyyZSMZs=) spawned Ammo_380 at <8227.842773, 290.237732, 6009.674316>
