---------------------------------------------
Log E:\SteamLibrary\steamapps\common\DayZServer\ServerProfiles\script_2020-01-21_22-59-53.log started at 21.01. 22:59:54

SCRIPT       : Registered 220 temporary action enum(s), UAN==220
SCRIPT    (W): @"scripts/3_Game/Systems/Inventory/HandFSM.c,100": Missing script declaration for method 'SgNetworkService.CreateLobby'
SCRIPT    (W): @"scripts/3_Game/Systems/Inventory/HandFSM.c,100": Missing script declaration for method 'SgNetworkService.CancelFriend'
SCRIPT    (W): @"scripts/3_Game/Systems/Inventory/HandFSM.c,100": Missing script declaration for method 'SgNetworkService.GameServerLoadMatchInfo'
SCRIPT    (W): @"scripts/3_Game/Systems/Inventory/HandFSM.c,100": Missing script declaration for method 'SgNetworkService.CancelSearchForMatch'
SCRIPT    (W): @"scripts/3_Game/Systems/Inventory/HandFSM.c,100": Missing script declaration for method 'SgNetworkService.SetLobbySlot'
SCRIPT    (W): @"scripts/3_Game/Systems/Inventory/HandFSM.c,100": Missing script declaration for method 'SgNetworkService.LeaveLobby'
SCRIPT    (W): @"scripts/3_Game/Systems/Inventory/HandFSM.c,100": Missing script declaration for method 'SgNetworkService.DeleteLobby'
SCRIPT    (W): @"scripts/3_Game/Systems/Inventory/HandFSM.c,100": Missing script declaration for method 'SgNetworkService.JoinLobby'
SCRIPT    (W): @"scripts/3_Game/Systems/Inventory/HandFSM.c,100": Missing script declaration for method 'SgNetworkService.StartLobbyGame'
SCRIPT    (W): @"scripts/3_Game/Systems/Inventory/HandFSM.c,100": Missing script declaration for method 'SgNetworkService.GameServerReadyServer'
SCRIPT    (W): @"scripts/3_Game/Systems/Inventory/HandFSM.c,100": Missing script declaration for method 'SgNetworkService.LeaveTeam'
SCRIPT    (W): @"scripts/3_Game/Systems/Inventory/HandFSM.c,100": Missing script declaration for method 'SgNetworkService.LoadLobbyList'
SCRIPT    (W): @"scripts/3_Game/Systems/Inventory/HandFSM.c,100": Missing script declaration for method 'SgNetworkService.JoinTeam'
SCRIPT    (W): @"scripts/3_Game/Systems/Inventory/HandFSM.c,100": Missing script declaration for method 'SgNetworkService.GetUserUID'
SCRIPT    (W): @"scripts/3_Game/Systems/Inventory/HandFSM.c,100": Missing script declaration for method 'SgNetworkService.ReadyLobbyPlayer'
SCRIPT    (W): @"scripts/3_Game/Systems/Inventory/HandFSM.c,100": Missing script declaration for method 'SgNetworkService.GetService'
SCRIPT    (W): @"scripts/3_Game/Systems/Inventory/HandFSM.c,100": Missing script declaration for method 'SgNetworkService.GameServerFinishGame'
SCRIPT    (W): @"scripts/3_Game/Systems/Inventory/HandFSM.c,100": Missing script declaration for method 'SgNetworkService.InviteFriend'
SCRIPT    (W): @"scripts/3_Game/Systems/Inventory/HandFSM.c,100": Missing script declaration for method 'SgNetworkService.StartSearchForMatch'
SCRIPT    (W): @"scripts/3_Game/human.c,1028": Missing script declaration for method 'HumanCommandScript.PostPhys_LockRotation'
SCRIPT    (W): @"scripts/3_Game/human.c,284": Method not linked 'HumanAnimInterface.SetInt'
SCRIPT    (W): @"scripts/3_Game/human.c,285": Method not linked 'HumanAnimInterface.SetBool'
SCRIPT    (W): @"scripts/3_Game/human.c,280": Method not linked 'HumanAnimInterface.CallCommand'
SCRIPT    (W): @"scripts/3_Game/human.c,283": Method not linked 'HumanAnimInterface.SetFloat'
SCRIPT    (W): @"scripts/3_Game/Entities/InventoryItem.c,116": Unsafe down-casting, use 'Object.Cast' for safe down-casting
SCRIPT       : CreateGame()
SCRIPT       : ... Backlit Effects Enabled
SCRIPT    (W): @"scripts/4_World/Entities/DayZPlayerImplement.c,27": Unsafe down-casting, use 'PlayerBase.Cast' for safe down-casting
SCRIPT       : Chernarus::Weather::Overcast:: ( 20.1008 )  overcast: 0.55313
SCRIPT       : Chernarus::Weather::Overcast::Rain:: ( 20.1008 ) 0
SCRIPT       : childCount:33
SCRIPT       : AnimSoundObjectBuilderBank: Invalid sound set "generalgrunt_SoundVoice_Char_SoundSet".
SCRIPT       : AnimSoundObjectBuilderBank: Invalid sound set "greathelmet_generalgrunt_SoundVoice_Char_SoundSet".
SCRIPT       : AnimSoundObjectBuilderBank: Invalid sound set "Gasmask_generalgrunt_SoundVoice_Char_SoundSet".
SCRIPT       : AnimSoundObjectBuilderBank: Invalid sound set "Motohelmet_generalgrunt_SoundVoice_Char_SoundSet".
SCRIPT       : AnimSoundObjectBuilderBank: Invalid sound set "Gag_generalgrunt_SoundVoice_Char_SoundSet".
SCRIPT       : ---- PlayerBase OnStoreLoad START ----, version: 107
SCRIPT       : ********* LoadStats loading version: 106
SCRIPT       : LOAD checksum:2065646061
SCRIPT       : ---- PlayerBase OnStoreLoad SUCCESS ----
SCRIPT       : Chernarus::Weather::Rain::ForceEnd:: ( 20.1174 ) 0 -> 0
SCRIPT       : ------------ vomit start -------------
SCRIPT       : Saving stats in version: 106
SCRIPT       : SAVE CHECKSUM:2065646061
SCRIPT       : inv: DayZPlayerImplement::OnItemInHandsChanged
SCRIPT       : [emote] SurvivorF_Eva:01 play emote id=11 IH=Mag_CZ61_20Rnd:019951
SCRIPT       : [emote] SurvivorF_Eva:01 play emote id=11 IH=Mag_CZ61_20Rnd:019951
SCRIPT       : [emote] SurvivorF_Eva:01 play emote id=11 IH=Mag_CZ61_20Rnd:019951
SCRIPT       : [emote] SurvivorF_Eva:01 play emote id=10 IH=Mag_CZ61_20Rnd:019951
SCRIPT       : inv: DayZPlayerImplement::OnItemInHandsChanged
SCRIPT       : ------------ vomit start -------------
SCRIPT       : ------------ vomit start -------------
SCRIPT       : m_Player.m_HealthLevel:1
SCRIPT       : m_Player.m_HealthLevel:2
SCRIPT       : m_Player.m_HealthLevel:3
SCRIPT       : [emote] SurvivorF_Eva:01 play emote id=11 IH=null
SCRIPT       : Saving stats in version: 106
SCRIPT       : SAVE CHECKSUM:2065646061
SCRIPT       : m_Player.m_HealthLevel:4
SCRIPT       : [action] SurvivorF_Eva:01 started ActionOpenDoors<62ab6fc0> item=null
SCRIPT       : string s =    'ActionBase.c | ActionBaseCB | OnFinish called : false'
SCRIPT       : [action] SurvivorF_Eva:01 end ActionOpenDoors<62ab6fc0> item=null
SCRIPT       : Chernarus::Weather::Rain::ForceEnd:: ( 20.7172 ) 0 -> 0
SCRIPT       : ------------ vomit start -------------
SCRIPT       : SurvivorF_Eva:01 STS=5700 event EEKilled, player has died at STS=5700
SCRIPT       : EEKilled - processing corpse
SCRIPT       : [Logout]: New player fMO1JIvZqIwxddTWwPxb9Mg95_X4j6UAr1FYyyZSMZs= with logout time 15
SCRIPT       : [emote] SurvivorM_Lewis:02 play emote id=14 IH=null
SCRIPT       : [Logout]: Player fMO1JIvZqIwxddTWwPxb9Mg95_X4j6UAr1FYyyZSMZs= finished
SCRIPT       : Saving stats in version: 106
SCRIPT       : SAVE CHECKSUM:2065646061
SCRIPT       : ~DayZGame()
