---------------------------------------------
Log E:\SteamLibrary\steamapps\common\DayZServer\ServerProfiles\TraderFolder\crash_2020-01-22_15-29-50.log started at 22.01. 15:39:18



------------------------------------
DESKTOP-MEELOO, 22.01 2020 15:39:18

[wpnfsm] M249:014464 Weapon.SaveCurrentFSMState: trying to save weapon without FSM (or uninitialized weapon) this=M249<7d0b900> type=M249
Class:      'M249'
Entity id:2948843

Function: 'Error'
Stack trace:
scripts/1_Core/proto/EnDebug.c:44
scripts/4_World/Entities/Firearms/Weapon_Base.c:340

Runtime mode
CLI params: adminlog  netlog  freezecheck  showScriptErrors  mod @CF;@UnlimitedStamina;@ZomBerryAdminTools;@Trader; profiles ServerProfiles config serverDZ.cfg port 2302 dologs  profiles E:\SteamLibrary\steamapps\common\DayZServer\ServerProfiles\TraderFolder 


------------------------------------
DESKTOP-MEELOO, 22.01 2020 15:39:18

[wpnfsm] M249:014464 Weapon.SaveCurrentFSMState: trying to save weapon without FSM (or uninitialized weapon) this=M249<7d0b900> type=M249
Class:      'M249'
Entity id:2948843

Function: 'Error'
Stack trace:
scripts/1_Core/proto/EnDebug.c:44
scripts/4_World/Entities/Firearms/Weapon_Base.c:340

Runtime mode
CLI params: adminlog  netlog  freezecheck  showScriptErrors  mod @CF;@UnlimitedStamina;@ZomBerryAdminTools;@Trader; profiles ServerProfiles config serverDZ.cfg port 2302 dologs  profiles E:\SteamLibrary\steamapps\common\DayZServer\ServerProfiles\TraderFolder 


------------------------------------
DESKTOP-MEELOO, 22.01 2020 15:40:07
NULL pointer to instance
Class:      'M249'
Entity id:2948843

Function: 'ProcessWeaponEvent'
Stack trace:
scripts/4_World/Entities/Firearms/Weapon_Base.c:156
scripts/4_World/Classes/Weapons/WeaponManager.c:388
scripts/4_World/Entities/DayZPlayerImplement.c:702
scripts/4_World/Entities/DayZPlayerImplement.c:1620
scripts/4_World/Entities/ManBase/PlayerBase.c:2091

Runtime mode
CLI params: adminlog  netlog  freezecheck  showScriptErrors  mod @CF;@UnlimitedStamina;@ZomBerryAdminTools;@Trader; profiles ServerProfiles config serverDZ.cfg port 2302 dologs  profiles E:\SteamLibrary\steamapps\common\DayZServer\ServerProfiles\TraderFolder 


------------------------------------
DESKTOP-MEELOO, 22.01 2020 15:40:07
NULL pointer to instance
Class:      'M249'
Entity id:2948843

Function: 'ProcessWeaponEvent'
Stack trace:
scripts/4_World/Entities/Firearms/Weapon_Base.c:156
scripts/4_World/Classes/Weapons/WeaponManager.c:388
scripts/4_World/Entities/DayZPlayerImplement.c:702
scripts/4_World/Entities/DayZPlayerImplement.c:1620
scripts/4_World/Entities/ManBase/PlayerBase.c:2091

Runtime mode
CLI params: adminlog  netlog  freezecheck  showScriptErrors  mod @CF;@UnlimitedStamina;@ZomBerryAdminTools;@Trader; profiles ServerProfiles config serverDZ.cfg port 2302 dologs  profiles E:\SteamLibrary\steamapps\common\DayZServer\ServerProfiles\TraderFolder 


------------------------------------
DESKTOP-MEELOO, 22.01 2020 15:40:07
NULL pointer to instance
Class:      'M249'
Entity id:2948843

Function: 'ProcessWeaponEvent'
Stack trace:
scripts/4_World/Entities/Firearms/Weapon_Base.c:156
scripts/4_World/Classes/Weapons/WeaponManager.c:388
scripts/4_World/Entities/DayZPlayerImplement.c:702
scripts/4_World/Entities/DayZPlayerImplement.c:1620
scripts/4_World/Entities/ManBase/PlayerBase.c:2091

Runtime mode
CLI params: adminlog  netlog  freezecheck  showScriptErrors  mod @CF;@UnlimitedStamina;@ZomBerryAdminTools;@Trader; profiles ServerProfiles config serverDZ.cfg port 2302 dologs  profiles E:\SteamLibrary\steamapps\common\DayZServer\ServerProfiles\TraderFolder 


------------------------------------
DESKTOP-MEELOO, 22.01 2020 15:40:07
NULL pointer to instance
Class:      'M249'
Entity id:2948843

Function: 'ProcessWeaponEvent'
Stack trace:
scripts/4_World/Entities/Firearms/Weapon_Base.c:156
scripts/4_World/Classes/Weapons/WeaponManager.c:388
scripts/4_World/Entities/DayZPlayerImplement.c:702
scripts/4_World/Entities/DayZPlayerImplement.c:1620
scripts/4_World/Entities/ManBase/PlayerBase.c:2091

Runtime mode
CLI params: adminlog  netlog  freezecheck  showScriptErrors  mod @CF;@UnlimitedStamina;@ZomBerryAdminTools;@Trader; profiles ServerProfiles config serverDZ.cfg port 2302 dologs  profiles E:\SteamLibrary\steamapps\common\DayZServer\ServerProfiles\TraderFolder 


------------------------------------
DESKTOP-MEELOO, 22.01 2020 15:40:08
NULL pointer to instance
Class:      'M249'
Entity id:2948843

Function: 'ProcessWeaponEvent'
Stack trace:
scripts/4_World/Entities/Firearms/Weapon_Base.c:156
scripts/4_World/Classes/Weapons/WeaponManager.c:388
scripts/4_World/Entities/DayZPlayerImplement.c:702
scripts/4_World/Entities/DayZPlayerImplement.c:1620
scripts/4_World/Entities/ManBase/PlayerBase.c:2091

Runtime mode
CLI params: adminlog  netlog  freezecheck  showScriptErrors  mod @CF;@UnlimitedStamina;@ZomBerryAdminTools;@Trader; profiles ServerProfiles config serverDZ.cfg port 2302 dologs  profiles E:\SteamLibrary\steamapps\common\DayZServer\ServerProfiles\TraderFolder 


------------------------------------
DESKTOP-MEELOO, 22.01 2020 15:40:08
NULL pointer to instance
Class:      'M249'
Entity id:2948843

Function: 'ProcessWeaponEvent'
Stack trace:
scripts/4_World/Entities/Firearms/Weapon_Base.c:156
scripts/4_World/Classes/Weapons/WeaponManager.c:388
scripts/4_World/Entities/DayZPlayerImplement.c:702
scripts/4_World/Entities/DayZPlayerImplement.c:1620
scripts/4_World/Entities/ManBase/PlayerBase.c:2091

Runtime mode
CLI params: adminlog  netlog  freezecheck  showScriptErrors  mod @CF;@UnlimitedStamina;@ZomBerryAdminTools;@Trader; profiles ServerProfiles config serverDZ.cfg port 2302 dologs  profiles E:\SteamLibrary\steamapps\common\DayZServer\ServerProfiles\TraderFolder 


------------------------------------
DESKTOP-MEELOO, 22.01 2020 15:40:08
NULL pointer to instance
Class:      'M249'
Entity id:2948843

Function: 'ProcessWeaponEvent'
Stack trace:
scripts/4_World/Entities/Firearms/Weapon_Base.c:156
scripts/4_World/Classes/Weapons/WeaponManager.c:388
scripts/4_World/Entities/DayZPlayerImplement.c:702
scripts/4_World/Entities/DayZPlayerImplement.c:1620
scripts/4_World/Entities/ManBase/PlayerBase.c:2091

Runtime mode
CLI params: adminlog  netlog  freezecheck  showScriptErrors  mod @CF;@UnlimitedStamina;@ZomBerryAdminTools;@Trader; profiles ServerProfiles config serverDZ.cfg port 2302 dologs  profiles E:\SteamLibrary\steamapps\common\DayZServer\ServerProfiles\TraderFolder 
