15:27:46 BattlEye server updated to version: 217
15:27:46 BattlEye Server: Initialized (v1.217)
15:27:46 SUCCESS: SteamGameServer_Init(0,8766,2302,27016,3,1.06.152885)
15:27:46 Roles assigned.
15:27:46 Reading mission ...
15:28:07 [CE][Hive] :: Initializing OFFLINE
15:28:07 [CE][Hive] :: Loading core data ... 
15:28:07 [CE][CoreData] :: 7 root classes, 18 defaults, 0 updaters...
15:28:10 [CE][TypeSetup] :: 408 classes setuped...
15:28:11 [CE][RegisterBind] :: 0 classes binded...
15:28:11 [CE][RegisterConfig] :: 2900 config classes registered, 1 sub-counters...
15:28:11 [CE][Hive] :: Loading map data ... 
15:28:11 !!! [CE] :: Unknown category: 'vehicleparts'.
15:28:11 !!! [CE] :: Unknown category: 'vehicleparts'.
15:28:11 !!! [CE] :: Unknown category: 'vehicleparts'.
15:28:11 !!! [CE] :: Unknown category: 'vehicleparts'.
15:28:11 !!! [CE] :: Unknown category: 'vehicleparts'.
15:28:11 !!! [CE] :: Unknown category: 'vehicleparts'.
15:28:11 !!! [CE] :: Unknown category: 'vehicleparts'.
15:28:11 !!! [CE] :: Unknown category: 'vehicleparts'.
15:28:11 !!! [CE] :: Unknown category: 'vehicleparts'.
15:28:11 !!! [CE] :: Unknown category: 'vehicleparts'.
15:28:11 !!! [CE] :: Unknown category: 'vehicleparts'.
15:28:11 !!! [CE] :: Unknown category: 'vehicleparts'.
15:28:11 !!! [CE] :: Unknown category: 'vehicleparts'.
15:28:11 !!! [CE] :: Unknown category: 'vehicleparts'.
15:28:11 !!! [CE] :: Unknown category: 'vehicleparts'.
15:28:11 !!! [CE] :: Unknown category: 'vehicleparts'.
15:28:11 !!! [CE] :: Unknown category: 'vehicleparts'.
15:28:11 !!! [CE] :: Unknown category: 'vehicleparts'.
15:28:11 !!! [CE] :: Unknown category: 'vehicleparts'.
15:28:11 !!! [CE] :: Unknown category: 'vehicleparts'.
15:28:11 !!! [CE] :: Unknown category: 'vehicleparts'.
15:28:11 !!! [CE] :: Unknown category: 'vehicleparts'.
15:28:11 !!! [CE] :: Unknown category: 'vehicleparts'.
15:28:11 !!! [CE] :: Unknown category: 'vehicleparts'.
15:28:11 [CE][LoadPrototype] :: loaded 316 prototypes
15:28:11   668 containers, 8849 points
15:28:11   24 dispatches, 90 proxies
15:28:11 !!! [CE][LoadPrototype] 11 groups have no points...
15:28:11 !!![CE][LoadPrototype]  3 groups have wrong points...
15:28:11 [CE][LoadPrototype] :: last group name: Land_Wreck_sed02_aban2_red...
15:28:11 [CE][LoadPrototype] :: loaded 0 prototypes
15:28:11   0 containers, 0 points
15:28:11   0 dispatches, 0 proxies
15:28:11 [CE][LoadPrototype] :: last group name: Rail9...
15:28:11 [CE][LoadMap] "Group" :: loaded 11613 groups, largest group range: 34.2
15:28:11 !!! File "DZ\worlds\chernarusplus\ce\mapgroupdirt.xml" does not exist...
15:28:11 !!! [CE][LoadMap] "Dirt" :: Failed to read group instances (DZ\worlds\chernarusplus\ce\mapgroupdirt.xml)
15:28:11 [CE][LoadClusters] "Cluster" :: Loading files...
15:28:12 [CE][LoadClusters] :: file: "mapgroupcluster.xml", 9 types, 50000 instances
15:28:12 [CE][LoadClusters] :: file: "mapgroupcluster01", 9 types, 50000 instances
15:28:12 [CE][LoadClusters] :: file: "mapgroupcluster02", 9 types, 50000 instances
15:28:12 [CE][LoadClusters] :: file: "mapgroupcluster03", 9 types, 50000 instances
15:28:13 [CE][LoadClusters] :: file: "mapgroupcluster04", 9 types, 17185 instances
15:28:13 [CE][Storage] ver:21 stamp:412, valid:yes, name:"mpmissions\dayzOffline.chernarusplus\storage_1\data\types.bin"
15:28:13 [CE][Storage] ver:21 stamp:409, valid:yes, name:"mpmissions\dayzOffline.chernarusplus\storage_1\data\types.001"
15:28:13 [CE][Storage] ver:21 stamp:410, valid:yes, name:"mpmissions\dayzOffline.chernarusplus\storage_1\data\types.002"
15:28:13 [CE][Storage] Restoring file "mpmissions\dayzOffline.chernarusplus\storage_1\data\types.bin".
15:28:13 [CE][offlineDB] :: Loaded 37 dynamic events 216 total types 0 total positions.
15:28:13 [CE][Storage] ver:21 stamp:412, valid:yes, name:"mpmissions\dayzOffline.chernarusplus\storage_1\data\events.bin"
15:28:13 [CE][Storage] ver:21 stamp:409, valid:yes, name:"mpmissions\dayzOffline.chernarusplus\storage_1\data\events.001"
15:28:13 [CE][Storage] ver:21 stamp:410, valid:yes, name:"mpmissions\dayzOffline.chernarusplus\storage_1\data\events.002"
15:28:13 [CE][Storage] Restoring file "mpmissions\dayzOffline.chernarusplus\storage_1\data\events.bin".
15:28:13 [CE][DynamicEvent] Load  Events:[37] Primary spawners: 37 Secondary spawners: 1
15:28:13 [CE][Storage] ver:24 stamp:412, valid:yes, name:"mpmissions\dayzOffline.chernarusplus\storage_1\data\vehicles.bin"
15:28:13 [CE][Storage] ver:24 stamp:409, valid:yes, name:"mpmissions\dayzOffline.chernarusplus\storage_1\data\vehicles.001"
15:28:13 [CE][Storage] ver:24 stamp:410, valid:yes, name:"mpmissions\dayzOffline.chernarusplus\storage_1\data\vehicles.002"
15:28:13 [CE][Storage] Restoring file "mpmissions\dayzOffline.chernarusplus\storage_1\data\vehicles.bin" 105 items.
15:28:13   105 items loaded.
15:28:13 [CE][Storage] ver:24 stamp:412, valid:yes, name:"mpmissions\dayzOffline.chernarusplus\storage_1\data\dynamic_000.bin"
15:28:13 [CE][Storage] ver:24 stamp:409, valid:yes, name:"mpmissions\dayzOffline.chernarusplus\storage_1\data\dynamic_000.001"
15:28:13 [CE][Storage] ver:24 stamp:410, valid:yes, name:"mpmissions\dayzOffline.chernarusplus\storage_1\data\dynamic_000.002"
15:28:13 [CE][Storage] Restoring file "mpmissions\dayzOffline.chernarusplus\storage_1\data\dynamic_000.bin" 557 items.
15:28:14   557 items loaded.
15:28:14 [CE][Storage] ver:24 stamp:412, valid:yes, name:"mpmissions\dayzOffline.chernarusplus\storage_1\data\dynamic_001.bin"
15:28:14 [CE][Storage] ver:24 stamp:409, valid:yes, name:"mpmissions\dayzOffline.chernarusplus\storage_1\data\dynamic_001.001"
15:28:14 [CE][Storage] ver:24 stamp:410, valid:yes, name:"mpmissions\dayzOffline.chernarusplus\storage_1\data\dynamic_001.002"
15:28:14 [CE][Storage] Restoring file "mpmissions\dayzOffline.chernarusplus\storage_1\data\dynamic_001.bin" 1285 items.
15:28:14   1285 items loaded.
15:28:14 [CE][Storage] ver:24 stamp:412, valid:yes, name:"mpmissions\dayzOffline.chernarusplus\storage_1\data\dynamic_002.bin"
15:28:14 [CE][Storage] ver:24 stamp:409, valid:yes, name:"mpmissions\dayzOffline.chernarusplus\storage_1\data\dynamic_002.001"
15:28:14 [CE][Storage] ver:24 stamp:410, valid:yes, name:"mpmissions\dayzOffline.chernarusplus\storage_1\data\dynamic_002.002"
15:28:14 [CE][Storage] Restoring file "mpmissions\dayzOffline.chernarusplus\storage_1\data\dynamic_002.bin" 2081 items.
15:28:14   2081 items loaded.
15:28:15 [CE][Storage] ver:24 stamp:412, valid:yes, name:"mpmissions\dayzOffline.chernarusplus\storage_1\data\dynamic_003.bin"
15:28:15 [CE][Storage] ver:24 stamp:409, valid:yes, name:"mpmissions\dayzOffline.chernarusplus\storage_1\data\dynamic_003.001"
15:28:15 [CE][Storage] ver:24 stamp:410, valid:yes, name:"mpmissions\dayzOffline.chernarusplus\storage_1\data\dynamic_003.002"
15:28:15 [CE][Storage] Restoring file "mpmissions\dayzOffline.chernarusplus\storage_1\data\dynamic_003.bin" 1862 items.
15:28:15   1862 items loaded.
15:28:15 [CE][Storage] ver:24 stamp:412, valid:yes, name:"mpmissions\dayzOffline.chernarusplus\storage_1\data\dynamic_004.bin"
15:28:15 [CE][Storage] ver:24 stamp:409, valid:yes, name:"mpmissions\dayzOffline.chernarusplus\storage_1\data\dynamic_004.001"
15:28:15 [CE][Storage] ver:24 stamp:410, valid:yes, name:"mpmissions\dayzOffline.chernarusplus\storage_1\data\dynamic_004.002"
15:28:15 [CE][Storage] Restoring file "mpmissions\dayzOffline.chernarusplus\storage_1\data\dynamic_004.bin" 1591 items.
15:28:15   1591 items loaded.
15:28:15 [CE][Storage] ver:24 stamp:412, valid:yes, name:"mpmissions\dayzOffline.chernarusplus\storage_1\data\dynamic_005.bin"
15:28:15 [CE][Storage] ver:24 stamp:409, valid:yes, name:"mpmissions\dayzOffline.chernarusplus\storage_1\data\dynamic_005.001"
15:28:15 [CE][Storage] ver:24 stamp:410, valid:yes, name:"mpmissions\dayzOffline.chernarusplus\storage_1\data\dynamic_005.002"
15:28:15 [CE][Storage] Restoring file "mpmissions\dayzOffline.chernarusplus\storage_1\data\dynamic_005.bin" 1761 items.
15:28:16   1761 items loaded.
15:28:16 [CE][Storage] ver:24 stamp:412, valid:yes, name:"mpmissions\dayzOffline.chernarusplus\storage_1\data\dynamic_006.bin"
15:28:16 [CE][Storage] ver:24 stamp:409, valid:yes, name:"mpmissions\dayzOffline.chernarusplus\storage_1\data\dynamic_006.001"
15:28:16 [CE][Storage] ver:24 stamp:410, valid:yes, name:"mpmissions\dayzOffline.chernarusplus\storage_1\data\dynamic_006.002"
15:28:16 [CE][Storage] Restoring file "mpmissions\dayzOffline.chernarusplus\storage_1\data\dynamic_006.bin" 1274 items.
15:28:16   1274 items loaded.
15:28:16 [CE][Storage] ver:24 stamp:412, valid:yes, name:"mpmissions\dayzOffline.chernarusplus\storage_1\data\dynamic_007.bin"
15:28:16 [CE][Storage] ver:24 stamp:409, valid:yes, name:"mpmissions\dayzOffline.chernarusplus\storage_1\data\dynamic_007.001"
15:28:16 [CE][Storage] ver:24 stamp:410, valid:yes, name:"mpmissions\dayzOffline.chernarusplus\storage_1\data\dynamic_007.002"
15:28:16 [CE][Storage] Restoring file "mpmissions\dayzOffline.chernarusplus\storage_1\data\dynamic_007.bin" 1257 items.
15:28:16   1257 items loaded.
15:28:16 [CE][Storage] ver:24 stamp:412, valid:yes, name:"mpmissions\dayzOffline.chernarusplus\storage_1\data\dynamic_008.bin"
15:28:16 [CE][Storage] ver:24 stamp:409, valid:yes, name:"mpmissions\dayzOffline.chernarusplus\storage_1\data\dynamic_008.001"
15:28:16 [CE][Storage] ver:24 stamp:410, valid:yes, name:"mpmissions\dayzOffline.chernarusplus\storage_1\data\dynamic_008.002"
15:28:16 [CE][Storage] Restoring file "mpmissions\dayzOffline.chernarusplus\storage_1\data\dynamic_008.bin" 1870 items.
15:28:17   1870 items loaded.
15:28:17 [CE][Storage] ver:24 stamp:412, valid:yes, name:"mpmissions\dayzOffline.chernarusplus\storage_1\data\dynamic_009.bin"
15:28:17 [CE][Storage] ver:24 stamp:409, valid:yes, name:"mpmissions\dayzOffline.chernarusplus\storage_1\data\dynamic_009.001"
15:28:17 [CE][Storage] ver:24 stamp:410, valid:yes, name:"mpmissions\dayzOffline.chernarusplus\storage_1\data\dynamic_009.002"
15:28:17 [CE][Storage] Restoring file "mpmissions\dayzOffline.chernarusplus\storage_1\data\dynamic_009.bin" 2244 items.
15:28:17   2244 items loaded.
15:28:17 [CE][Storage] ver:24 stamp:412, valid:yes, name:"mpmissions\dayzOffline.chernarusplus\storage_1\data\dynamic_010.bin"
15:28:17 [CE][Storage] ver:24 stamp:409, valid:yes, name:"mpmissions\dayzOffline.chernarusplus\storage_1\data\dynamic_010.001"
15:28:17 [CE][Storage] ver:24 stamp:410, valid:yes, name:"mpmissions\dayzOffline.chernarusplus\storage_1\data\dynamic_010.002"
15:28:17 [CE][Storage] Restoring file "mpmissions\dayzOffline.chernarusplus\storage_1\data\dynamic_010.bin" 1394 items.
15:28:17   1394 items loaded.
15:28:17 [CE][Storage] ver:24 stamp:412, valid:yes, name:"mpmissions\dayzOffline.chernarusplus\storage_1\data\dynamic_011.bin"
15:28:17 [CE][Storage] ver:24 stamp:412, valid:yes, name:"mpmissions\dayzOffline.chernarusplus\storage_1\data\dynamic_011.001"
15:28:17 [CE][Storage] ver:24 stamp:410, valid:yes, name:"mpmissions\dayzOffline.chernarusplus\storage_1\data\dynamic_011.002"
15:28:17 [CE][Storage] Restoring file "mpmissions\dayzOffline.chernarusplus\storage_1\data\dynamic_011.bin" 146 items.
15:28:17   146 items loaded.
15:28:18 [CE][Hive] :: Storage load took:4.77 seconds, recovery stamp:412
15:28:18   entity: 18567, building: 0
15:28:18   no lifetime: 61
15:28:18 [CE][Hive] :: Initializing ... 
15:28:18 [CE][InitializeMap] :: initialized: 0
15:28:18 [CE][Hive] :: Initializing spawners ... 
15:28:20 [CE][LootRespawner] (PRIDummy) :: Initially (re)spawned:140, Nominal:19974, Total in Map: 17626 at 0 (sec)
15:28:20   tests:143, repeats:3 fails:0, overtime:0
15:28:20 [CE][DynEvent] :: 37 types
15:28:20 [00] AmbientHen
15:28:20   Primary Spawner: "Ambient", active: yes, repeat: 1
15:28:20 [01] AnimalBear
15:28:20   Primary Spawner: "Animal", active: yes, repeat: 1
15:28:20 [02] AnimalCow
15:28:20   Primary Spawner: "Animal", active: yes, repeat: 1
15:28:20 [03] AnimalDeer
15:28:20   Primary Spawner: "Animal", active: yes, repeat: 1
15:28:20 [04] AnimalGoat
15:28:20   Primary Spawner: "Animal", active: yes, repeat: 1
15:28:20 [05] AnimalPig
15:28:20   Primary Spawner: "Animal", active: yes, repeat: 1
15:28:20 [06] AnimalRoeDeer
15:28:20   Primary Spawner: "Animal", active: yes, repeat: 1
15:28:20 [07] AnimalSheep
15:28:20   Primary Spawner: "Animal", active: yes, repeat: 1
15:28:20 [08] AnimalWildBoar
15:28:20   Primary Spawner: "Animal", active: yes, repeat: 1
15:28:20 [09] AnimalWolf
15:28:20   Primary Spawner: "Animal", active: yes, repeat: 1
15:28:20 [10] InfectedArmy
15:28:20   Primary Spawner: "Infected", active: yes, repeat: 1
15:28:20 [11] InfectedCity
15:28:20   Primary Spawner: "Infected", active: yes, repeat: 1
15:28:20 [12] InfectedFirefighter
15:28:20   Primary Spawner: "Infected", active: yes, repeat: 1
15:28:20 [13] InfectedIndustrial
15:28:20   Primary Spawner: "Infected", active: yes, repeat: 1
15:28:20 [14] InfectedMedic
15:28:20   Primary Spawner: "Infected", active: yes, repeat: 1
15:28:20 [15] InfectedPolice
15:28:20   Primary Spawner: "Infected", active: yes, repeat: 1
15:28:20 [16] InfectedPrisoner
15:28:20   Primary Spawner: "Infected", active: yes, repeat: 1
15:28:20 [17] InfectedReligious
15:28:20   Primary Spawner: "Infected", active: yes, repeat: 1
15:28:20 [18] InfectedSolitude
15:28:20   Primary Spawner: "Infected", active: yes, repeat: 1
15:28:20 [19] InfectedVillage
15:28:20   Primary Spawner: "Infected", active: yes, repeat: 1
15:28:20 [20] ItemPlanks
15:28:20   Primary Spawner: "Item", active: yes, repeat: 1
15:28:20 [21] Loot
15:28:20   Primary Spawner: "Loot", active: yes, repeat: 2
15:28:20 [22] StaticHeliCrash
15:28:20   Primary Spawner: "Vehicle", active: yes, repeat: 1
15:28:20   Secondary Spawner: "Infected", active: yes, repeat: 1
15:28:20 [23] StaticPoliceCar
15:28:20   Primary Spawner: "Vehicle", active: yes, repeat: 1
15:28:20 [24] TrajectoryApple
15:28:20   Primary Spawner: "Trajectory", active: yes, repeat: 1
15:28:20 [25] TrajectoryCanina
15:28:20   Primary Spawner: "Trajectory", active: yes, repeat: 1
15:28:20 [26] TrajectoryConiferous
15:28:20   Primary Spawner: "Trajectory", active: yes, repeat: 1
15:28:20 [27] TrajectoryDeciduous
15:28:20   Primary Spawner: "Trajectory", active: yes, repeat: 1
15:28:20 [28] TrajectoryHumus
15:28:20   Primary Spawner: "Trajectory", active: yes, repeat: 1
15:28:20 [29] TrajectoryPear
15:28:20   Primary Spawner: "Trajectory", active: yes, repeat: 1
15:28:20 [30] TrajectoryPlum
15:28:20   Primary Spawner: "Trajectory", active: yes, repeat: 1
15:28:20 [31] TrajectorySambucus
15:28:20   Primary Spawner: "Trajectory", active: yes, repeat: 1
15:28:20 [32] TrajectoryStones
15:28:20   Primary Spawner: "Trajectory", active: yes, repeat: 1
15:28:20 [33] VehicleCivilianSedan
15:28:20   Primary Spawner: "Vehicle", active: yes, repeat: 1
15:28:20 [34] VehicleHatchback02
15:28:20   Primary Spawner: "Vehicle", active: yes, repeat: 1
15:28:20 [35] VehicleOffroadHatchback
15:28:20   Primary Spawner: "Vehicle", active: yes, repeat: 1
15:28:20 [36] VehicleSedan02
15:28:20   Primary Spawner: "Vehicle", active: yes, repeat: 1
15:28:20 [CE][Hive] :: Initializing of spawners done.
15:28:20 [CE][Hive] :: Init sequence finished.
15:28:39 Meeloo uses modified data file
15:28:39 [Login]: Adding player Meeloo (10349190) to login queue at position 0
15:28:39 [LoginMachine]: Add player Meeloo (10349190)
15:28:39 [StateMachine]: Player Meeloo (dpnid 10349190 uid ) Entering AuthPlayerLoginState
15:28:39 [StateMachine]: Player Meeloo (dpnid 10349190 uid ) State Error (AuthPlayerLoginState): Verify signature on connect failed
15:28:39 Player Unknown (10349190) kicked from server: 6 (Client contains PBO which is not part of server data: C:\SteamLibrary\steamapps\common\DayZ\!Workshop\@Roleplay UK Clothing\addons\roleplayukclothes.pbo)
15:28:39 [StateMachine]: Kick player Meeloo (dpnid 10349190 uid ) State AuthPlayerLoginState Error Client contains PBO which is not part of server data: C:\SteamLibrary\steamapps\common\DayZ\!Workshop\@Roleplay UK Clothing\addons\roleplayukclothes.pbo
15:28:39 [Disconnect]: Client 10349190 early disconnect
15:28:39 [Disconnect]: No identity -> remove player info 10349190 
15:28:39 [Disconnect]: DisconnectPlayerFinish 10349190
15:28:39 [Disconnect]: Remove player info 10349190
15:28:39 [Disconnect]: Player destroy 10349190 
15:28:39 Player Meeloo disconnected.
15:29:53 BattlEye Server: Initialized (v1.217)
15:29:54 SUCCESS: SteamGameServer_Init(0,8766,2302,27016,3,1.06.152885)
15:29:54 Roles assigned.
15:29:54 Reading mission ...
15:30:15 [CE][Hive] :: Initializing OFFLINE
15:30:15 [CE][Hive] :: Loading core data ... 
15:30:15 [CE][CoreData] :: 7 root classes, 18 defaults, 0 updaters...
15:30:18 [CE][TypeSetup] :: 408 classes setuped...
15:30:18 [CE][RegisterBind] :: 0 classes binded...
15:30:18 [CE][RegisterConfig] :: 2900 config classes registered, 1 sub-counters...
15:30:18 [CE][Hive] :: Loading map data ... 
15:30:18 !!! [CE] :: Unknown category: 'vehicleparts'.
15:30:18 !!! [CE] :: Unknown category: 'vehicleparts'.
15:30:18 !!! [CE] :: Unknown category: 'vehicleparts'.
15:30:18 !!! [CE] :: Unknown category: 'vehicleparts'.
15:30:18 !!! [CE] :: Unknown category: 'vehicleparts'.
15:30:18 !!! [CE] :: Unknown category: 'vehicleparts'.
15:30:18 !!! [CE] :: Unknown category: 'vehicleparts'.
15:30:18 !!! [CE] :: Unknown category: 'vehicleparts'.
15:30:18 !!! [CE] :: Unknown category: 'vehicleparts'.
15:30:18 !!! [CE] :: Unknown category: 'vehicleparts'.
15:30:18 !!! [CE] :: Unknown category: 'vehicleparts'.
15:30:18 !!! [CE] :: Unknown category: 'vehicleparts'.
15:30:18 !!! [CE] :: Unknown category: 'vehicleparts'.
15:30:18 !!! [CE] :: Unknown category: 'vehicleparts'.
15:30:18 !!! [CE] :: Unknown category: 'vehicleparts'.
15:30:18 !!! [CE] :: Unknown category: 'vehicleparts'.
15:30:18 !!! [CE] :: Unknown category: 'vehicleparts'.
15:30:18 !!! [CE] :: Unknown category: 'vehicleparts'.
15:30:18 !!! [CE] :: Unknown category: 'vehicleparts'.
15:30:18 !!! [CE] :: Unknown category: 'vehicleparts'.
15:30:18 !!! [CE] :: Unknown category: 'vehicleparts'.
15:30:18 !!! [CE] :: Unknown category: 'vehicleparts'.
15:30:18 !!! [CE] :: Unknown category: 'vehicleparts'.
15:30:18 !!! [CE] :: Unknown category: 'vehicleparts'.
15:30:18 [CE][LoadPrototype] :: loaded 316 prototypes
15:30:18   668 containers, 8849 points
15:30:18   24 dispatches, 90 proxies
15:30:18 !!! [CE][LoadPrototype] 11 groups have no points...
15:30:18 !!![CE][LoadPrototype]  3 groups have wrong points...
15:30:18 [CE][LoadPrototype] :: last group name: Land_Wreck_sed02_aban2_red...
15:30:18 [CE][LoadPrototype] :: loaded 0 prototypes
15:30:18   0 containers, 0 points
15:30:18   0 dispatches, 0 proxies
15:30:18 [CE][LoadPrototype] :: last group name: Rail9...
15:30:19 [CE][LoadMap] "Group" :: loaded 11613 groups, largest group range: 34.2
15:30:19 !!! File "DZ\worlds\chernarusplus\ce\mapgroupdirt.xml" does not exist...
15:30:19 !!! [CE][LoadMap] "Dirt" :: Failed to read group instances (DZ\worlds\chernarusplus\ce\mapgroupdirt.xml)
15:30:19 [CE][LoadClusters] "Cluster" :: Loading files...
15:30:19 [CE][LoadClusters] :: file: "mapgroupcluster.xml", 9 types, 50000 instances
15:30:20 [CE][LoadClusters] :: file: "mapgroupcluster01", 9 types, 50000 instances
15:30:20 [CE][LoadClusters] :: file: "mapgroupcluster02", 9 types, 50000 instances
15:30:20 [CE][LoadClusters] :: file: "mapgroupcluster03", 9 types, 50000 instances
15:30:20 [CE][LoadClusters] :: file: "mapgroupcluster04", 9 types, 17185 instances
15:30:20 [CE][Storage] ver:21 stamp:415, valid:yes, name:"mpmissions\dayzOffline.chernarusplus\storage_1\data\types.bin"
15:30:20 [CE][Storage] ver:21 stamp:413, valid:yes, name:"mpmissions\dayzOffline.chernarusplus\storage_1\data\types.001"
15:30:20 [CE][Storage] ver:21 stamp:414, valid:yes, name:"mpmissions\dayzOffline.chernarusplus\storage_1\data\types.002"
15:30:20 [CE][Storage] Restoring file "mpmissions\dayzOffline.chernarusplus\storage_1\data\types.bin".
15:30:20 [CE][offlineDB] :: Loaded 37 dynamic events 216 total types 0 total positions.
15:30:20 [CE][Storage] ver:21 stamp:415, valid:yes, name:"mpmissions\dayzOffline.chernarusplus\storage_1\data\events.bin"
15:30:20 [CE][Storage] ver:21 stamp:413, valid:yes, name:"mpmissions\dayzOffline.chernarusplus\storage_1\data\events.001"
15:30:21 [CE][Storage] ver:21 stamp:414, valid:yes, name:"mpmissions\dayzOffline.chernarusplus\storage_1\data\events.002"
15:30:21 [CE][Storage] Restoring file "mpmissions\dayzOffline.chernarusplus\storage_1\data\events.bin".
15:30:21 [CE][DynamicEvent] Load  Events:[37] Primary spawners: 37 Secondary spawners: 1
15:30:21 [CE][Storage] ver:24 stamp:415, valid:yes, name:"mpmissions\dayzOffline.chernarusplus\storage_1\data\vehicles.bin"
15:30:21 [CE][Storage] ver:24 stamp:413, valid:yes, name:"mpmissions\dayzOffline.chernarusplus\storage_1\data\vehicles.001"
15:30:21 [CE][Storage] ver:24 stamp:414, valid:yes, name:"mpmissions\dayzOffline.chernarusplus\storage_1\data\vehicles.002"
15:30:21 [CE][Storage] Restoring file "mpmissions\dayzOffline.chernarusplus\storage_1\data\vehicles.bin" 105 items.
15:30:21   105 items loaded.
15:30:21 [CE][Storage] ver:24 stamp:415, valid:yes, name:"mpmissions\dayzOffline.chernarusplus\storage_1\data\dynamic_000.bin"
15:30:21 [CE][Storage] ver:24 stamp:413, valid:yes, name:"mpmissions\dayzOffline.chernarusplus\storage_1\data\dynamic_000.001"
15:30:21 [CE][Storage] ver:24 stamp:414, valid:yes, name:"mpmissions\dayzOffline.chernarusplus\storage_1\data\dynamic_000.002"
15:30:21 [CE][Storage] Restoring file "mpmissions\dayzOffline.chernarusplus\storage_1\data\dynamic_000.bin" 562 items.
15:30:21   562 items loaded.
15:30:21 [CE][Storage] ver:24 stamp:415, valid:yes, name:"mpmissions\dayzOffline.chernarusplus\storage_1\data\dynamic_001.bin"
15:30:21 [CE][Storage] ver:24 stamp:413, valid:yes, name:"mpmissions\dayzOffline.chernarusplus\storage_1\data\dynamic_001.001"
15:30:21 [CE][Storage] ver:24 stamp:414, valid:yes, name:"mpmissions\dayzOffline.chernarusplus\storage_1\data\dynamic_001.002"
15:30:21 [CE][Storage] Restoring file "mpmissions\dayzOffline.chernarusplus\storage_1\data\dynamic_001.bin" 1285 items.
15:30:22   1285 items loaded.
15:30:22 [CE][Storage] ver:24 stamp:415, valid:yes, name:"mpmissions\dayzOffline.chernarusplus\storage_1\data\dynamic_002.bin"
15:30:22 [CE][Storage] ver:24 stamp:413, valid:yes, name:"mpmissions\dayzOffline.chernarusplus\storage_1\data\dynamic_002.001"
15:30:22 [CE][Storage] ver:24 stamp:414, valid:yes, name:"mpmissions\dayzOffline.chernarusplus\storage_1\data\dynamic_002.002"
15:30:22 [CE][Storage] Restoring file "mpmissions\dayzOffline.chernarusplus\storage_1\data\dynamic_002.bin" 2097 items.
15:30:22   2097 items loaded.
15:30:22 [CE][Storage] ver:24 stamp:415, valid:yes, name:"mpmissions\dayzOffline.chernarusplus\storage_1\data\dynamic_003.bin"
15:30:22 [CE][Storage] ver:24 stamp:413, valid:yes, name:"mpmissions\dayzOffline.chernarusplus\storage_1\data\dynamic_003.001"
15:30:22 [CE][Storage] ver:24 stamp:414, valid:yes, name:"mpmissions\dayzOffline.chernarusplus\storage_1\data\dynamic_003.002"
15:30:22 [CE][Storage] Restoring file "mpmissions\dayzOffline.chernarusplus\storage_1\data\dynamic_003.bin" 1872 items.
15:30:23   1872 items loaded.
15:30:23 [CE][Storage] ver:24 stamp:415, valid:yes, name:"mpmissions\dayzOffline.chernarusplus\storage_1\data\dynamic_004.bin"
15:30:23 [CE][Storage] ver:24 stamp:413, valid:yes, name:"mpmissions\dayzOffline.chernarusplus\storage_1\data\dynamic_004.001"
15:30:23 [CE][Storage] ver:24 stamp:414, valid:yes, name:"mpmissions\dayzOffline.chernarusplus\storage_1\data\dynamic_004.002"
15:30:23 [CE][Storage] Restoring file "mpmissions\dayzOffline.chernarusplus\storage_1\data\dynamic_004.bin" 1607 items.
15:30:23   1607 items loaded.
15:30:23 [CE][Storage] ver:24 stamp:415, valid:yes, name:"mpmissions\dayzOffline.chernarusplus\storage_1\data\dynamic_005.bin"
15:30:23 [CE][Storage] ver:24 stamp:413, valid:yes, name:"mpmissions\dayzOffline.chernarusplus\storage_1\data\dynamic_005.001"
15:30:23 [CE][Storage] ver:24 stamp:414, valid:yes, name:"mpmissions\dayzOffline.chernarusplus\storage_1\data\dynamic_005.002"
15:30:23 [CE][Storage] Restoring file "mpmissions\dayzOffline.chernarusplus\storage_1\data\dynamic_005.bin" 1767 items.
15:30:23   1767 items loaded.
15:30:23 [CE][Storage] ver:24 stamp:415, valid:yes, name:"mpmissions\dayzOffline.chernarusplus\storage_1\data\dynamic_006.bin"
15:30:23 [CE][Storage] ver:24 stamp:413, valid:yes, name:"mpmissions\dayzOffline.chernarusplus\storage_1\data\dynamic_006.001"
15:30:23 [CE][Storage] ver:24 stamp:414, valid:yes, name:"mpmissions\dayzOffline.chernarusplus\storage_1\data\dynamic_006.002"
15:30:23 [CE][Storage] Restoring file "mpmissions\dayzOffline.chernarusplus\storage_1\data\dynamic_006.bin" 1272 items.
15:30:24   1272 items loaded.
15:30:24 [CE][Storage] ver:24 stamp:415, valid:yes, name:"mpmissions\dayzOffline.chernarusplus\storage_1\data\dynamic_007.bin"
15:30:24 [CE][Storage] ver:24 stamp:413, valid:yes, name:"mpmissions\dayzOffline.chernarusplus\storage_1\data\dynamic_007.001"
15:30:24 [CE][Storage] ver:24 stamp:414, valid:yes, name:"mpmissions\dayzOffline.chernarusplus\storage_1\data\dynamic_007.002"
15:30:24 [CE][Storage] Restoring file "mpmissions\dayzOffline.chernarusplus\storage_1\data\dynamic_007.bin" 1262 items.
15:30:24   1262 items loaded.
15:30:24 [CE][Storage] ver:24 stamp:415, valid:yes, name:"mpmissions\dayzOffline.chernarusplus\storage_1\data\dynamic_008.bin"
15:30:24 [CE][Storage] ver:24 stamp:413, valid:yes, name:"mpmissions\dayzOffline.chernarusplus\storage_1\data\dynamic_008.001"
15:30:24 [CE][Storage] ver:24 stamp:414, valid:yes, name:"mpmissions\dayzOffline.chernarusplus\storage_1\data\dynamic_008.002"
15:30:24 [CE][Storage] Restoring file "mpmissions\dayzOffline.chernarusplus\storage_1\data\dynamic_008.bin" 1875 items.
15:30:24   1875 items loaded.
15:30:24 [CE][Storage] ver:24 stamp:415, valid:yes, name:"mpmissions\dayzOffline.chernarusplus\storage_1\data\dynamic_009.bin"
15:30:24 [CE][Storage] ver:24 stamp:413, valid:yes, name:"mpmissions\dayzOffline.chernarusplus\storage_1\data\dynamic_009.001"
15:30:24 [CE][Storage] ver:24 stamp:414, valid:yes, name:"mpmissions\dayzOffline.chernarusplus\storage_1\data\dynamic_009.002"
15:30:24 [CE][Storage] Restoring file "mpmissions\dayzOffline.chernarusplus\storage_1\data\dynamic_009.bin" 2240 items.
15:30:25   2240 items loaded.
15:30:25 [CE][Storage] ver:24 stamp:415, valid:yes, name:"mpmissions\dayzOffline.chernarusplus\storage_1\data\dynamic_010.bin"
15:30:25 [CE][Storage] ver:24 stamp:413, valid:yes, name:"mpmissions\dayzOffline.chernarusplus\storage_1\data\dynamic_010.001"
15:30:25 [CE][Storage] ver:24 stamp:414, valid:yes, name:"mpmissions\dayzOffline.chernarusplus\storage_1\data\dynamic_010.002"
15:30:25 [CE][Storage] Restoring file "mpmissions\dayzOffline.chernarusplus\storage_1\data\dynamic_010.bin" 1390 items.
15:30:25   1390 items loaded.
15:30:25 [CE][Storage] ver:24 stamp:415, valid:yes, name:"mpmissions\dayzOffline.chernarusplus\storage_1\data\dynamic_011.bin"
15:30:25 [CE][Storage] ver:24 stamp:413, valid:yes, name:"mpmissions\dayzOffline.chernarusplus\storage_1\data\dynamic_011.001"
15:30:25 [CE][Storage] ver:24 stamp:414, valid:yes, name:"mpmissions\dayzOffline.chernarusplus\storage_1\data\dynamic_011.002"
15:30:25 [CE][Storage] Restoring file "mpmissions\dayzOffline.chernarusplus\storage_1\data\dynamic_011.bin" 146 items.
15:30:25   146 items loaded.
15:30:25 [CE][Hive] :: Storage load took:4.89 seconds, recovery stamp:415
15:30:25   entity: 18618, building: 0
15:30:25   no lifetime: 61
15:30:25 [CE][Hive] :: Initializing ... 
15:30:25 [CE][InitializeMap] :: initialized: 0
15:30:25 [CE][Hive] :: Initializing spawners ... 
15:30:27 [CE][LootRespawner] (PRIDummy) :: Initially (re)spawned:90, Nominal:19974, Total in Map: 17629 at 0 (sec)
15:30:27   tests:92, repeats:2 fails:0, overtime:0
15:30:27 [CE][DynEvent] :: 37 types
15:30:27 [00] AmbientHen
15:30:27   Primary Spawner: "Ambient", active: yes, repeat: 1
15:30:27 [01] AnimalBear
15:30:27   Primary Spawner: "Animal", active: yes, repeat: 1
15:30:27 [02] AnimalCow
15:30:27   Primary Spawner: "Animal", active: yes, repeat: 1
15:30:27 [03] AnimalDeer
15:30:27   Primary Spawner: "Animal", active: yes, repeat: 1
15:30:27 [04] AnimalGoat
15:30:27   Primary Spawner: "Animal", active: yes, repeat: 1
15:30:27 [05] AnimalPig
15:30:27   Primary Spawner: "Animal", active: yes, repeat: 1
15:30:27 [06] AnimalRoeDeer
15:30:27   Primary Spawner: "Animal", active: yes, repeat: 1
15:30:27 [07] AnimalSheep
15:30:27   Primary Spawner: "Animal", active: yes, repeat: 1
15:30:27 [08] AnimalWildBoar
15:30:27   Primary Spawner: "Animal", active: yes, repeat: 1
15:30:27 [09] AnimalWolf
15:30:27   Primary Spawner: "Animal", active: yes, repeat: 1
15:30:27 [10] InfectedArmy
15:30:27   Primary Spawner: "Infected", active: yes, repeat: 1
15:30:27 [11] InfectedCity
15:30:27   Primary Spawner: "Infected", active: yes, repeat: 1
15:30:27 [12] InfectedFirefighter
15:30:27   Primary Spawner: "Infected", active: yes, repeat: 1
15:30:27 [13] InfectedIndustrial
15:30:27   Primary Spawner: "Infected", active: yes, repeat: 1
15:30:27 [14] InfectedMedic
15:30:27   Primary Spawner: "Infected", active: yes, repeat: 1
15:30:27 [15] InfectedPolice
15:30:27   Primary Spawner: "Infected", active: yes, repeat: 1
15:30:27 [16] InfectedPrisoner
15:30:27   Primary Spawner: "Infected", active: yes, repeat: 1
15:30:27 [17] InfectedReligious
15:30:27   Primary Spawner: "Infected", active: yes, repeat: 1
15:30:27 [18] InfectedSolitude
15:30:27   Primary Spawner: "Infected", active: yes, repeat: 1
15:30:27 [19] InfectedVillage
15:30:27   Primary Spawner: "Infected", active: yes, repeat: 1
15:30:27 [20] ItemPlanks
15:30:27   Primary Spawner: "Item", active: yes, repeat: 1
15:30:27 [21] Loot
15:30:27   Primary Spawner: "Loot", active: yes, repeat: 2
15:30:27 [22] StaticHeliCrash
15:30:27   Primary Spawner: "Vehicle", active: yes, repeat: 1
15:30:27   Secondary Spawner: "Infected", active: yes, repeat: 1
15:30:27 [23] StaticPoliceCar
15:30:27   Primary Spawner: "Vehicle", active: yes, repeat: 1
15:30:27 [24] TrajectoryApple
15:30:27   Primary Spawner: "Trajectory", active: yes, repeat: 1
15:30:27 [25] TrajectoryCanina
15:30:27   Primary Spawner: "Trajectory", active: yes, repeat: 1
15:30:27 [26] TrajectoryConiferous
15:30:27   Primary Spawner: "Trajectory", active: yes, repeat: 1
15:30:27 [27] TrajectoryDeciduous
15:30:27   Primary Spawner: "Trajectory", active: yes, repeat: 1
15:30:27 [28] TrajectoryHumus
15:30:27   Primary Spawner: "Trajectory", active: yes, repeat: 1
15:30:27 [29] TrajectoryPear
15:30:27   Primary Spawner: "Trajectory", active: yes, repeat: 1
15:30:27 [30] TrajectoryPlum
15:30:27   Primary Spawner: "Trajectory", active: yes, repeat: 1
15:30:27 [31] TrajectorySambucus
15:30:27   Primary Spawner: "Trajectory", active: yes, repeat: 1
15:30:27 [32] TrajectoryStones
15:30:27   Primary Spawner: "Trajectory", active: yes, repeat: 1
15:30:27 [33] VehicleCivilianSedan
15:30:27   Primary Spawner: "Vehicle", active: yes, repeat: 1
15:30:27 [34] VehicleHatchback02
15:30:27   Primary Spawner: "Vehicle", active: yes, repeat: 1
15:30:27 [35] VehicleOffroadHatchback
15:30:27   Primary Spawner: "Vehicle", active: yes, repeat: 1
15:30:27 [36] VehicleSedan02
15:30:27   Primary Spawner: "Vehicle", active: yes, repeat: 1
15:30:27 [CE][Hive] :: Initializing of spawners done.
15:30:27 [CE][Hive] :: Init sequence finished.
15:30:53 [Login]: Adding player Meeloo (11196643) to login queue at position 0
15:30:53 [LoginMachine]: Add player Meeloo (11196643)
15:30:53 [StateMachine]: Player Meeloo (dpnid 11196643 uid ) Entering AuthPlayerLoginState
15:30:54 BattlEye Server: Player #0 Meeloo (127.0.0.1:2316) connected
15:30:54 Player Meeloo connecting.
15:30:54 [StateMachine]: Player Meeloo (dpnid 11196643 uid ) Entering WaitAuthPlayerLoginState
15:30:54 BattlEye Server: Connected to BE Master
15:30:55 BattlEye Server: Player #0 Meeloo - BE GUID: a00db0b54b7590e0a54c852a031d2c9f
15:30:56 BattlEye Server: Verified GUID (a00db0b54b7590e0a54c852a031d2c9f) of player #0 Meeloo
15:30:56 Player Meeloo connected (id=fMO1JIvZqIwxddTWwPxb9Mg95_X4j6UAr1FYyyZSMZs=).
15:30:56 [StateMachine]: Player Meeloo (dpnid 11196643 uid fMO1JIvZqIwxddTWwPxb9Mg95_X4j6UAr1FYyyZSMZs=) Entering DBGetLoginTimeLoginState
15:30:56 [StateMachine]: Player Meeloo (dpnid 11196643 uid fMO1JIvZqIwxddTWwPxb9Mg95_X4j6UAr1FYyyZSMZs=) Entering DBWaitLoginTimeLoginState
15:31:11 [StateMachine]: Player Meeloo (dpnid 11196643 uid fMO1JIvZqIwxddTWwPxb9Mg95_X4j6UAr1FYyyZSMZs=) Entering DBGetCharacterLoginState
15:31:11 [StateMachine]: Player Meeloo (dpnid 11196643 uid fMO1JIvZqIwxddTWwPxb9Mg95_X4j6UAr1FYyyZSMZs=) Entering CreateNetObjectsLoginState
15:31:11 Player Meeloo dpid=11196643 at pos (13039.9, 3.9, 8180.8) 
15:31:11 [StateMachine]: Player Meeloo (dpnid 11196643 uid fMO1JIvZqIwxddTWwPxb9Mg95_X4j6UAr1FYyyZSMZs=) Entering PreloadCamLoginState
15:31:11 [StateMachine]: Player Meeloo (dpnid 11196643 uid fMO1JIvZqIwxddTWwPxb9Mg95_X4j6UAr1FYyyZSMZs=) Entering WaitPreloadCamLoginState
15:31:28 [StateMachine]: Player Meeloo (dpnid 11196643 uid fMO1JIvZqIwxddTWwPxb9Mg95_X4j6UAr1FYyyZSMZs=) Entering GetLoadedCharLoginState
15:31:28 <LOAD EXISTING CHAR>:
    charID 1
    playerID 1
    dpnid 11196643
    uid fMO1JIvZqIwxddTWwPxb9Mg95_X4j6UAr1FYyyZSMZs=
15:41:28 [CE][SpawnRandomLoot] (StaticPoliceCar) :: ChildType: Land_Wreck_Volha_Police, lootmin: 3, lootmax: 5, wanted: 4
15:41:28 [CE][SpawnRandomLoot] (StaticPoliceCar) :: ChildType: Land_Wreck_Volha_Police, lootmin: 3, lootmax: 5, wanted: 4
15:41:28 [CE][SpawnRandomLoot] (StaticPoliceCar) :: ChildType: Land_Wreck_Volha_Police, lootmin: 3, lootmax: 5, wanted: 4
15:41:28 [CE][SpawnRandomLoot] (StaticPoliceCar) :: ChildType: Land_Wreck_Volha_Police, lootmin: 3, lootmax: 5, wanted: 3
15:41:28 [CE][SpawnRandomLoot] (StaticPoliceCar) :: ChildType: Land_Wreck_Volha_Police, lootmin: 3, lootmax: 5, wanted: 3
15:41:28 [CE][SpawnRandomLoot] (StaticPoliceCar) :: ChildType: Land_Wreck_Volha_Police, lootmin: 3, lootmax: 5, wanted: 4
15:41:28 [CE][SpawnRandomLoot] (StaticPoliceCar) :: ChildType: Land_Wreck_Volha_Police, lootmin: 3, lootmax: 5, wanted: 4
15:41:28 [CE][SpawnRandomLoot] (StaticPoliceCar) :: ChildType: Land_Wreck_Volha_Police, lootmin: 3, lootmax: 5, wanted: 4
15:41:28 [CE][SpawnRandomLoot] (StaticPoliceCar) :: ChildType: Land_Wreck_Volha_Police, lootmin: 3, lootmax: 5, wanted: 4
15:41:28 [CE][SpawnRandomLoot] (StaticPoliceCar) :: ChildType: Land_Wreck_Volha_Police, lootmin: 3, lootmax: 5, wanted: 4
15:42:26 [CE][SpawnRandomLoot] (StaticHeliCrash) :: ChildType: Wreck_Mi8, lootmin: 10, lootmax: 20, wanted: 16
15:42:26 [CE][SpawnRandomLoot] (StaticHeliCrash) :: ChildType: Wreck_UH1Y, lootmin: 10, lootmax: 20, wanted: 19
15:42:26 [CE][SpawnRandomLoot] (StaticHeliCrash) :: ChildType: Wreck_UH1Y, lootmin: 10, lootmax: 20, wanted: 16
15:50:51 !!! [CE][Point] Removing 10852.337891, 2330.460449 from Land_Boat_Small3
15:56:09 Respawn: Add player Meeloo (11196643) to respawn machine
15:56:09 [StateMachine]: Player Meeloo (dpnid 11196643 uid ) Entering GetCharacterRespawnState
15:56:09 [StateMachine]: Player Meeloo (dpnid 11196643 uid ) Entering PreloadCamRespawnState
15:56:09 Player Meeloo dpid=11196643 at pos (13369.4, 0.0, 6454.3) 
15:56:09 [StateMachine]: Player Meeloo (dpnid 11196643 uid ) Entering WaitPreloadCamRespawnState
15:56:24 [StateMachine]: Player Meeloo (dpnid 11196643 uid ) Entering GetNewCharRespawnState
15:56:24 <RESPAWN NEW CHAR>:
    charID 1
    playerID 1
    dpnid 11196643
    uid fMO1JIvZqIwxddTWwPxb9Mg95_X4j6UAr1FYyyZSMZs=
15:56:53 [CE][LootRespawner] (PRIDummy) :: Item [0] is hard to place, performance drops: "LabCoat"
16:06:06 Respawn: Add player Meeloo (11196643) to respawn machine
16:06:06 [StateMachine]: Player Meeloo (dpnid 11196643 uid ) Entering GetCharacterRespawnState
16:06:06 [StateMachine]: Player Meeloo (dpnid 11196643 uid ) Entering PreloadCamRespawnState
16:06:06 Player Meeloo dpid=11196643 at pos (9696.7, 0.0, 1755.4) 
16:06:06 [StateMachine]: Player Meeloo (dpnid 11196643 uid ) Entering WaitPreloadCamRespawnState
16:06:21 [StateMachine]: Player Meeloo (dpnid 11196643 uid ) Entering GetNewCharRespawnState
16:06:22 <RESPAWN NEW CHAR>:
    charID 1
    playerID 1
    dpnid 11196643
    uid fMO1JIvZqIwxddTWwPxb9Mg95_X4j6UAr1FYyyZSMZs=
16:09:23 !!! [CE][Point] Removing 8418.792969, 5976.507813 from PearTree1
16:10:47 !!! [CE][Point] Removing 6507.255859, 3577.417236 from Land_BusStation_wall_bench
16:16:37 [CE][LootRespawner] (PRIDummy) :: Item [1] is hard to place, performance drops: "FirefightersPants_Beige"
16:22:50 [Disconnect]: Start script disconnect 11196643 (dbCharacterId 1 dbPlayerId 1) logoutTime 15
16:22:51 [Disconnect]: Client 11196643 disconnecting
16:22:51 [Disconnect]: Client 11196643 early disconnect
16:22:51 [Disconnect]: Start script disconnect 11196643 (dbCharacterId 1 dbPlayerId 1) logoutTime 15
16:23:01 [Disconnect]: No packets from 11196643
16:23:01 [Disconnect]: Already in progress 11196643 
16:23:05 [Disconnect]: Finish script disconnect 11196643
16:23:05 [Disconnect]: DisconnectPlayerFinish 11196643
16:23:05 [Disconnect]: Remove player info 11196643
16:23:05 [Disconnect]: Player destroy 11196643 
16:23:05 Player Meeloo disconnected.
16:23:05 BattlEye Server: Player #0 Meeloo disconnected
16:34:58 BattlEye Server: Initialized (v1.217)
16:34:58 SUCCESS: SteamGameServer_Init(0,8766,2302,27016,3,1.06.152885)
16:34:58 Roles assigned.
16:34:58 Reading mission ...
16:35:20 [CE][Hive] :: Initializing OFFLINE
16:35:20 [CE][Hive] :: Loading core data ... 
16:35:20 [CE][CoreData] :: 7 root classes, 18 defaults, 0 updaters...
16:35:25 [CE][TypeSetup] :: 415 classes setuped...
16:35:25 [CE][RegisterBind] :: 0 classes binded...
16:35:25 [CE][RegisterConfig] :: 5749 config classes registered, 1 sub-counters...
16:35:25 [CE][Hive] :: Loading map data ... 
16:35:25 !!! [CE] :: Unknown category: 'vehicleparts'.
16:35:25 !!! [CE] :: Unknown category: 'vehicleparts'.
16:35:25 !!! [CE] :: Unknown category: 'vehicleparts'.
16:35:25 !!! [CE] :: Unknown category: 'vehicleparts'.
16:35:25 !!! [CE] :: Unknown category: 'vehicleparts'.
16:35:25 !!! [CE] :: Unknown category: 'vehicleparts'.
16:35:25 !!! [CE] :: Unknown category: 'vehicleparts'.
16:35:25 !!! [CE] :: Unknown category: 'vehicleparts'.
16:35:25 !!! [CE] :: Unknown category: 'vehicleparts'.
16:35:25 !!! [CE] :: Unknown category: 'vehicleparts'.
16:35:25 !!! [CE] :: Unknown category: 'vehicleparts'.
16:35:25 !!! [CE] :: Unknown category: 'vehicleparts'.
16:35:25 !!! [CE] :: Unknown category: 'vehicleparts'.
16:35:25 !!! [CE] :: Unknown category: 'vehicleparts'.
16:35:25 !!! [CE] :: Unknown category: 'vehicleparts'.
16:35:25 !!! [CE] :: Unknown category: 'vehicleparts'.
16:35:25 !!! [CE] :: Unknown category: 'vehicleparts'.
16:35:25 !!! [CE] :: Unknown category: 'vehicleparts'.
16:35:25 !!! [CE] :: Unknown category: 'vehicleparts'.
16:35:25 !!! [CE] :: Unknown category: 'vehicleparts'.
16:35:25 !!! [CE] :: Unknown category: 'vehicleparts'.
16:35:25 !!! [CE] :: Unknown category: 'vehicleparts'.
16:35:25 !!! [CE] :: Unknown category: 'vehicleparts'.
16:35:25 !!! [CE] :: Unknown category: 'vehicleparts'.
16:35:25 [CE][LoadPrototype] :: loaded 316 prototypes
16:35:25   668 containers, 8849 points
16:35:25   24 dispatches, 90 proxies
16:35:25 !!! [CE][LoadPrototype] 11 groups have no points...
16:35:25 !!![CE][LoadPrototype]  3 groups have wrong points...
16:35:25 [CE][LoadPrototype] :: last group name: Land_Wreck_sed02_aban2_red...
16:35:25 [CE][LoadPrototype] :: loaded 0 prototypes
16:35:25   0 containers, 0 points
16:35:25   0 dispatches, 0 proxies
16:35:25 [CE][LoadPrototype] :: last group name: Rail9...
16:35:26 [CE][LoadMap] "Group" :: loaded 11613 groups, largest group range: 34.2
16:35:26 !!! File "DZ\worlds\chernarusplus\ce\mapgroupdirt.xml" does not exist...
16:35:26 !!! [CE][LoadMap] "Dirt" :: Failed to read group instances (DZ\worlds\chernarusplus\ce\mapgroupdirt.xml)
16:35:26 [CE][LoadClusters] "Cluster" :: Loading files...
16:35:26 [CE][LoadClusters] :: file: "mapgroupcluster.xml", 9 types, 50000 instances
16:35:27 [CE][LoadClusters] :: file: "mapgroupcluster01", 9 types, 50000 instances
16:35:27 [CE][LoadClusters] :: file: "mapgroupcluster02", 9 types, 50000 instances
16:35:27 [CE][LoadClusters] :: file: "mapgroupcluster03", 9 types, 50000 instances
16:35:27 [CE][LoadClusters] :: file: "mapgroupcluster04", 9 types, 17185 instances
16:35:27 [CE][Storage] ver:21 stamp:525, valid:yes, name:"mpmissions\dayzOffline.chernarusplus\storage_1\data\types.bin"
16:35:27 [CE][Storage] ver:21 stamp:524, valid:yes, name:"mpmissions\dayzOffline.chernarusplus\storage_1\data\types.001"
16:35:27 [CE][Storage] ver:21 stamp:525, valid:yes, name:"mpmissions\dayzOffline.chernarusplus\storage_1\data\types.002"
16:35:27 [CE][Storage] Restoring file "mpmissions\dayzOffline.chernarusplus\storage_1\data\types.bin".
16:35:27 [CE][offlineDB] :: Loaded 37 dynamic events 216 total types 0 total positions.
16:35:27 !!! [CE][offlineDB] :: Failed to read 'db/types.xml' file.
16:35:27 [CE][Storage] ver:21 stamp:525, valid:yes, name:"mpmissions\dayzOffline.chernarusplus\storage_1\data\events.bin"
16:35:27 [CE][Storage] ver:21 stamp:524, valid:yes, name:"mpmissions\dayzOffline.chernarusplus\storage_1\data\events.001"
16:35:27 [CE][Storage] ver:21 stamp:525, valid:yes, name:"mpmissions\dayzOffline.chernarusplus\storage_1\data\events.002"
16:35:27 [CE][Storage] Restoring file "mpmissions\dayzOffline.chernarusplus\storage_1\data\events.bin".
16:35:27 [CE][DynamicEvent] Load  Events:[37] Primary spawners: 37 Secondary spawners: 1
16:35:27 [CE][Storage] ver:24 stamp:525, valid:yes, name:"mpmissions\dayzOffline.chernarusplus\storage_1\data\vehicles.bin"
16:35:27 [CE][Storage] ver:24 stamp:524, valid:yes, name:"mpmissions\dayzOffline.chernarusplus\storage_1\data\vehicles.001"
16:35:27 [CE][Storage] ver:24 stamp:525, valid:yes, name:"mpmissions\dayzOffline.chernarusplus\storage_1\data\vehicles.002"
16:35:27 [CE][Storage] Restoring file "mpmissions\dayzOffline.chernarusplus\storage_1\data\vehicles.bin" 113 items.
16:35:28   113 items loaded.
16:35:28 [CE][Storage] ver:24 stamp:525, valid:yes, name:"mpmissions\dayzOffline.chernarusplus\storage_1\data\dynamic_000.bin"
16:35:28 [CE][Storage] ver:24 stamp:524, valid:yes, name:"mpmissions\dayzOffline.chernarusplus\storage_1\data\dynamic_000.001"
16:35:28 [CE][Storage] ver:24 stamp:525, valid:yes, name:"mpmissions\dayzOffline.chernarusplus\storage_1\data\dynamic_000.002"
16:35:28 [CE][Storage] Restoring file "mpmissions\dayzOffline.chernarusplus\storage_1\data\dynamic_000.bin" 532 items.
16:35:28   532 items loaded.
16:35:28 [CE][Storage] ver:24 stamp:525, valid:yes, name:"mpmissions\dayzOffline.chernarusplus\storage_1\data\dynamic_001.bin"
16:35:28 [CE][Storage] ver:24 stamp:524, valid:yes, name:"mpmissions\dayzOffline.chernarusplus\storage_1\data\dynamic_001.001"
16:35:28 [CE][Storage] ver:24 stamp:525, valid:yes, name:"mpmissions\dayzOffline.chernarusplus\storage_1\data\dynamic_001.002"
16:35:28 [CE][Storage] Restoring file "mpmissions\dayzOffline.chernarusplus\storage_1\data\dynamic_001.bin" 1217 items.
16:35:29   1217 items loaded.
16:35:29 [CE][Storage] ver:24 stamp:525, valid:yes, name:"mpmissions\dayzOffline.chernarusplus\storage_1\data\dynamic_002.bin"
16:35:29 [CE][Storage] ver:24 stamp:524, valid:yes, name:"mpmissions\dayzOffline.chernarusplus\storage_1\data\dynamic_002.001"
16:35:29 [CE][Storage] ver:24 stamp:525, valid:yes, name:"mpmissions\dayzOffline.chernarusplus\storage_1\data\dynamic_002.002"
16:35:29 [CE][Storage] Restoring file "mpmissions\dayzOffline.chernarusplus\storage_1\data\dynamic_002.bin" 2028 items.
16:35:30   2028 items loaded.
16:35:30 [CE][Storage] ver:24 stamp:525, valid:yes, name:"mpmissions\dayzOffline.chernarusplus\storage_1\data\dynamic_003.bin"
16:35:30 [CE][Storage] ver:24 stamp:524, valid:yes, name:"mpmissions\dayzOffline.chernarusplus\storage_1\data\dynamic_003.001"
16:35:30 [CE][Storage] ver:24 stamp:525, valid:yes, name:"mpmissions\dayzOffline.chernarusplus\storage_1\data\dynamic_003.002"
16:35:30 [CE][Storage] Restoring file "mpmissions\dayzOffline.chernarusplus\storage_1\data\dynamic_003.bin" 1716 items.
16:35:30   1716 items loaded.
16:35:30 [CE][Storage] ver:24 stamp:525, valid:yes, name:"mpmissions\dayzOffline.chernarusplus\storage_1\data\dynamic_004.bin"
16:35:30 [CE][Storage] ver:24 stamp:524, valid:yes, name:"mpmissions\dayzOffline.chernarusplus\storage_1\data\dynamic_004.001"
16:35:30 [CE][Storage] ver:24 stamp:525, valid:yes, name:"mpmissions\dayzOffline.chernarusplus\storage_1\data\dynamic_004.002"
16:35:30 [CE][Storage] Restoring file "mpmissions\dayzOffline.chernarusplus\storage_1\data\dynamic_004.bin" 1578 items.
16:35:30   1578 items loaded.
16:35:30 [CE][Storage] ver:24 stamp:525, valid:yes, name:"mpmissions\dayzOffline.chernarusplus\storage_1\data\dynamic_005.bin"
16:35:30 [CE][Storage] ver:24 stamp:524, valid:yes, name:"mpmissions\dayzOffline.chernarusplus\storage_1\data\dynamic_005.001"
16:35:30 [CE][Storage] ver:24 stamp:525, valid:yes, name:"mpmissions\dayzOffline.chernarusplus\storage_1\data\dynamic_005.002"
16:35:30 [CE][Storage] Restoring file "mpmissions\dayzOffline.chernarusplus\storage_1\data\dynamic_005.bin" 1756 items.
16:35:31   1756 items loaded.
16:35:31 [CE][Storage] ver:24 stamp:525, valid:yes, name:"mpmissions\dayzOffline.chernarusplus\storage_1\data\dynamic_006.bin"
16:35:31 [CE][Storage] ver:24 stamp:524, valid:yes, name:"mpmissions\dayzOffline.chernarusplus\storage_1\data\dynamic_006.001"
16:35:31 [CE][Storage] ver:24 stamp:525, valid:yes, name:"mpmissions\dayzOffline.chernarusplus\storage_1\data\dynamic_006.002"
16:35:31 [CE][Storage] Restoring file "mpmissions\dayzOffline.chernarusplus\storage_1\data\dynamic_006.bin" 1286 items.
16:35:31   1286 items loaded.
16:35:31 [CE][Storage] ver:24 stamp:525, valid:yes, name:"mpmissions\dayzOffline.chernarusplus\storage_1\data\dynamic_007.bin"
16:35:31 [CE][Storage] ver:24 stamp:524, valid:yes, name:"mpmissions\dayzOffline.chernarusplus\storage_1\data\dynamic_007.001"
16:35:31 [CE][Storage] ver:24 stamp:525, valid:yes, name:"mpmissions\dayzOffline.chernarusplus\storage_1\data\dynamic_007.002"
16:35:31 [CE][Storage] Restoring file "mpmissions\dayzOffline.chernarusplus\storage_1\data\dynamic_007.bin" 1268 items.
16:35:32   1268 items loaded.
16:35:32 [CE][Storage] ver:24 stamp:525, valid:yes, name:"mpmissions\dayzOffline.chernarusplus\storage_1\data\dynamic_008.bin"
16:35:32 [CE][Storage] ver:24 stamp:524, valid:yes, name:"mpmissions\dayzOffline.chernarusplus\storage_1\data\dynamic_008.001"
16:35:32 [CE][Storage] ver:24 stamp:525, valid:yes, name:"mpmissions\dayzOffline.chernarusplus\storage_1\data\dynamic_008.002"
16:35:32 [CE][Storage] Restoring file "mpmissions\dayzOffline.chernarusplus\storage_1\data\dynamic_008.bin" 1822 items.
16:35:32   1822 items loaded.
16:35:32 [CE][Storage] ver:24 stamp:525, valid:yes, name:"mpmissions\dayzOffline.chernarusplus\storage_1\data\dynamic_009.bin"
16:35:32 [CE][Storage] ver:24 stamp:524, valid:yes, name:"mpmissions\dayzOffline.chernarusplus\storage_1\data\dynamic_009.001"
16:35:32 [CE][Storage] ver:24 stamp:525, valid:yes, name:"mpmissions\dayzOffline.chernarusplus\storage_1\data\dynamic_009.002"
16:35:32 [CE][Storage] Restoring file "mpmissions\dayzOffline.chernarusplus\storage_1\data\dynamic_009.bin" 2204 items.
16:35:33   2204 items loaded.
16:35:33 [CE][Storage] ver:24 stamp:525, valid:yes, name:"mpmissions\dayzOffline.chernarusplus\storage_1\data\dynamic_010.bin"
16:35:33 [CE][Storage] ver:24 stamp:524, valid:yes, name:"mpmissions\dayzOffline.chernarusplus\storage_1\data\dynamic_010.001"
16:35:33 [CE][Storage] ver:24 stamp:525, valid:yes, name:"mpmissions\dayzOffline.chernarusplus\storage_1\data\dynamic_010.002"
16:35:33 [CE][Storage] Restoring file "mpmissions\dayzOffline.chernarusplus\storage_1\data\dynamic_010.bin" 1398 items.
16:35:33   1398 items loaded.
16:35:33 [CE][Storage] ver:24 stamp:525, valid:yes, name:"mpmissions\dayzOffline.chernarusplus\storage_1\data\dynamic_011.bin"
16:35:33 [CE][Storage] ver:24 stamp:524, valid:yes, name:"mpmissions\dayzOffline.chernarusplus\storage_1\data\dynamic_011.001"
16:35:33 [CE][Storage] ver:24 stamp:525, valid:yes, name:"mpmissions\dayzOffline.chernarusplus\storage_1\data\dynamic_011.002"
16:35:33 [CE][Storage] Restoring file "mpmissions\dayzOffline.chernarusplus\storage_1\data\dynamic_011.bin" 161 items.
16:35:33   161 items loaded.
16:35:33 [CE][Hive] :: Storage load took:5.69 seconds, recovery stamp:525
16:35:33   entity: 18238, building: 0
16:35:33   no lifetime: 63
16:35:33 [CE][Hive] :: Initializing ... 
16:35:33 [CE][InitializeMap] :: initialized: 0
16:35:33 [CE][Hive] :: Initializing spawners ... 
16:35:33 [CE][DynEvent] :: 37 types
16:35:33 [00] AmbientHen
16:35:33   Primary Spawner: "Ambient", active: yes, repeat: 1
16:35:33 [01] AnimalBear
16:35:33   Primary Spawner: "Animal", active: yes, repeat: 1
16:35:33 [02] AnimalCow
16:35:33   Primary Spawner: "Animal", active: yes, repeat: 1
16:35:33 [03] AnimalDeer
16:35:33   Primary Spawner: "Animal", active: yes, repeat: 1
16:35:33 [04] AnimalGoat
16:35:33   Primary Spawner: "Animal", active: yes, repeat: 1
16:35:33 [05] AnimalPig
16:35:33   Primary Spawner: "Animal", active: yes, repeat: 1
16:35:33 [06] AnimalRoeDeer
16:35:33   Primary Spawner: "Animal", active: yes, repeat: 1
16:35:33 [07] AnimalSheep
16:35:33   Primary Spawner: "Animal", active: yes, repeat: 1
16:35:33 [08] AnimalWildBoar
16:35:33   Primary Spawner: "Animal", active: yes, repeat: 1
16:35:33 [09] AnimalWolf
16:35:33   Primary Spawner: "Animal", active: yes, repeat: 1
16:35:33 [10] InfectedArmy
16:35:33   Primary Spawner: "Infected", active: yes, repeat: 1
16:35:33 [11] InfectedCity
16:35:33   Primary Spawner: "Infected", active: yes, repeat: 1
16:35:33 [12] InfectedFirefighter
16:35:33   Primary Spawner: "Infected", active: yes, repeat: 1
16:35:33 [13] InfectedIndustrial
16:35:33   Primary Spawner: "Infected", active: yes, repeat: 1
16:35:33 [14] InfectedMedic
16:35:33   Primary Spawner: "Infected", active: yes, repeat: 1
16:35:33 [15] InfectedPolice
16:35:33   Primary Spawner: "Infected", active: yes, repeat: 1
16:35:33 [16] InfectedPrisoner
16:35:33   Primary Spawner: "Infected", active: yes, repeat: 1
16:35:33 [17] InfectedReligious
16:35:33   Primary Spawner: "Infected", active: yes, repeat: 1
16:35:33 [18] InfectedSolitude
16:35:33   Primary Spawner: "Infected", active: yes, repeat: 1
16:35:33 [19] InfectedVillage
16:35:33   Primary Spawner: "Infected", active: yes, repeat: 1
16:35:33 [20] ItemPlanks
16:35:33   Primary Spawner: "Item", active: yes, repeat: 1
16:35:33 [21] Loot
16:35:33   Primary Spawner: "Loot", active: yes, repeat: 2
16:35:33 [22] StaticHeliCrash
16:35:33   Primary Spawner: "Vehicle", active: yes, repeat: 1
16:35:33   Secondary Spawner: "Infected", active: yes, repeat: 1
16:35:33 [23] StaticPoliceCar
16:35:33   Primary Spawner: "Vehicle", active: yes, repeat: 1
16:35:33 [24] TrajectoryApple
16:35:33   Primary Spawner: "Trajectory", active: yes, repeat: 1
16:35:33 [25] TrajectoryCanina
16:35:33   Primary Spawner: "Trajectory", active: yes, repeat: 1
16:35:33 [26] TrajectoryConiferous
16:35:33   Primary Spawner: "Trajectory", active: yes, repeat: 1
16:35:33 [27] TrajectoryDeciduous
16:35:33   Primary Spawner: "Trajectory", active: yes, repeat: 1
16:35:33 [28] TrajectoryHumus
16:35:33   Primary Spawner: "Trajectory", active: yes, repeat: 1
16:35:33 [29] TrajectoryPear
16:35:33   Primary Spawner: "Trajectory", active: yes, repeat: 1
16:35:33 [30] TrajectoryPlum
16:35:33   Primary Spawner: "Trajectory", active: yes, repeat: 1
16:35:33 [31] TrajectorySambucus
16:35:33   Primary Spawner: "Trajectory", active: yes, repeat: 1
16:35:33 [32] TrajectoryStones
16:35:33   Primary Spawner: "Trajectory", active: yes, repeat: 1
16:35:33 [33] VehicleCivilianSedan
16:35:33   Primary Spawner: "Vehicle", active: yes, repeat: 1
16:35:33 [34] VehicleHatchback02
16:35:33   Primary Spawner: "Vehicle", active: yes, repeat: 1
16:35:33 [35] VehicleOffroadHatchback
16:35:33   Primary Spawner: "Vehicle", active: yes, repeat: 1
16:35:33 [36] VehicleSedan02
16:35:33   Primary Spawner: "Vehicle", active: yes, repeat: 1
16:35:33 [CE][Hive] :: Initializing of spawners done.
16:35:33 [CE][Hive] :: Init sequence finished.
16:36:02 [Login]: Adding player Meeloo (11208346) to login queue at position 0
16:36:02 [LoginMachine]: Add player Meeloo (11208346)
16:36:02 [StateMachine]: Player Meeloo (dpnid 11208346 uid ) Entering AuthPlayerLoginState
16:36:03 BattlEye Server: Player #0 Meeloo (127.0.0.1:2316) connected
16:36:03 Player Meeloo connecting.
16:36:03 [StateMachine]: Player Meeloo (dpnid 11208346 uid ) Entering WaitAuthPlayerLoginState
16:36:03 BattlEye Server: Connected to BE Master
16:36:04 BattlEye Server: Player #0 Meeloo - BE GUID: a00db0b54b7590e0a54c852a031d2c9f
16:36:04 BattlEye Server: Verified GUID (a00db0b54b7590e0a54c852a031d2c9f) of player #0 Meeloo
16:36:04 Player Meeloo connected (id=fMO1JIvZqIwxddTWwPxb9Mg95_X4j6UAr1FYyyZSMZs=).
16:36:06 [StateMachine]: Player Meeloo (dpnid 11208346 uid fMO1JIvZqIwxddTWwPxb9Mg95_X4j6UAr1FYyyZSMZs=) Entering DBGetLoginTimeLoginState
16:36:06 [StateMachine]: Player Meeloo (dpnid 11208346 uid fMO1JIvZqIwxddTWwPxb9Mg95_X4j6UAr1FYyyZSMZs=) Entering DBWaitLoginTimeLoginState
16:36:21 [StateMachine]: Player Meeloo (dpnid 11208346 uid fMO1JIvZqIwxddTWwPxb9Mg95_X4j6UAr1FYyyZSMZs=) Entering DBGetCharacterLoginState
16:36:21 [StateMachine]: Player Meeloo (dpnid 11208346 uid fMO1JIvZqIwxddTWwPxb9Mg95_X4j6UAr1FYyyZSMZs=) Entering CreateNetObjectsLoginState
16:36:21 Player Meeloo dpid=11208346 at pos (8074.1, 283.1, 6069.5) 
16:36:21 [StateMachine]: Player Meeloo (dpnid 11208346 uid fMO1JIvZqIwxddTWwPxb9Mg95_X4j6UAr1FYyyZSMZs=) Entering PreloadCamLoginState
16:36:21 [StateMachine]: Player Meeloo (dpnid 11208346 uid fMO1JIvZqIwxddTWwPxb9Mg95_X4j6UAr1FYyyZSMZs=) Entering WaitPreloadCamLoginState
16:36:37 [StateMachine]: Player Meeloo (dpnid 11208346 uid fMO1JIvZqIwxddTWwPxb9Mg95_X4j6UAr1FYyyZSMZs=) Entering GetLoadedCharLoginState
16:36:38 <LOAD EXISTING CHAR>:
    charID 1
    playerID 1
    dpnid 11208346
    uid fMO1JIvZqIwxddTWwPxb9Mg95_X4j6UAr1FYyyZSMZs=
16:54:55 [Disconnect]: Start script disconnect 11208346 (dbCharacterId 1 dbPlayerId 1) logoutTime 15
16:58:15 [Disconnect]: Start script disconnect 11208346 (dbCharacterId 1 dbPlayerId 1) logoutTime 15
16:58:16 [Disconnect]: Client 11208346 disconnecting
16:58:16 [Disconnect]: Client 11208346 early disconnect
16:58:16 [Disconnect]: Start script disconnect 11208346 (dbCharacterId 1 dbPlayerId 1) logoutTime 15
16:58:27 [Disconnect]: No packets from 11208346
16:58:27 [Disconnect]: Already in progress 11208346 
16:58:30 [Disconnect]: Finish script disconnect 11208346
16:58:30 [Disconnect]: DisconnectPlayerFinish 11208346
16:58:30 [Disconnect]: Remove player info 11208346
16:58:30 [Disconnect]: Player destroy 11208346 
16:58:30 Player Meeloo disconnected.
16:58:30 BattlEye Server: Player #0 Meeloo disconnected
